#
# There is insufficient memory for the Java Runtime Environment to continue.
# Native memory allocation (malloc) failed to allocate 834576 bytes. Error detail: Chunk::new
# Possible reasons:
#   The system is out of physical RAM or swap space
#   This process is running with CompressedOops enabled, and the Java Heap may be blocking the growth of the native heap
# Possible solutions:
#   Reduce memory load on the system
#   Increase physical memory or swap space
#   Check if swap backing store is full
#   Decrease Java heap size (-Xmx/-Xms)
#   Decrease number of Java threads
#   Decrease Java thread stack sizes (-Xss)
#   Set larger code cache with -XX:ReservedCodeCacheSize=
#   JVM is running with Unscaled Compressed Oops mode in which the Java heap is
#     placed in the first 4GB address space. The Java Heap base address is the
#     maximum limit for the native heap growth. Please use -XX:HeapBaseMinAddress
#     to set the Java Heap base and to place the Java Heap above 4GB virtual address.
# This output file may be truncated or incomplete.
#
#  Out of Memory Error (arena.cpp:191), pid=19272, tid=13624
#
# JRE version: OpenJDK Runtime Environment Microsoft-10800295 (17.0.14+7) (build 17.0.14+7-LTS)
# Java VM: OpenJDK 64-Bit Server VM Microsoft-10800295 (17.0.14+7-LTS, mixed mode, sharing, tiered, compressed oops, compressed class ptrs, g1 gc, windows-amd64)
# No core dump will be written. Minidumps are not enabled by default on client versions of Windows
#

---------------  S U M M A R Y ------------

Command Line: --add-opens=java.base/java.lang=ALL-UNNAMED --add-opens=java.base/java.lang.invoke=ALL-UNNAMED --add-opens=java.base/java.util=ALL-UNNAMED --add-opens=java.prefs/java.util.prefs=ALL-UNNAMED --add-exports=jdk.compiler/com.sun.tools.javac.api=ALL-UNNAMED --add-exports=jdk.compiler/com.sun.tools.javac.util=ALL-UNNAMED --add-opens=java.base/java.util=ALL-UNNAMED --add-opens=java.prefs/java.util.prefs=ALL-UNNAMED --add-opens=java.base/java.nio.charset=ALL-UNNAMED --add-opens=java.base/java.net=ALL-UNNAMED --add-opens=java.base/java.util.concurrent.atomic=ALL-UNNAMED --add-opens=java.xml/javax.xml.namespace=ALL-UNNAMED -XX:MaxMetaspaceSize=512m -Xmx2048m -Dfile.encoding=windows-1252 -Duser.country=US -Duser.language=en -Duser.variant -javaagent:C:\Users\Amna\.gradle\wrapper\dists\gradle-8.13-bin\5xuhj0ry160q40clulazy9h7d\gradle-8.13\lib\agents\gradle-instrumentation-agent-8.13.jar org.gradle.launcher.daemon.bootstrap.GradleDaemon 8.13

Host: Intel(R) Core(TM) i7-7600U CPU @ 2.80GHz, 4 cores, 15G,  Windows 10 , 64 bit Build 19041 (10.0.19041.5678)
Time: Sun May  4 19:06:34 2025 Pakistan Standard Time elapsed time: 80.581726 seconds (0d 0h 1m 20s)

---------------  T H R E A D  ---------------

Current thread (0x000001eadb73bbb0):  JavaThread "C2 CompilerThread1" daemon [_thread_in_native, id=13624, stack(0x00000018ba400000,0x00000018ba500000)]


Current CompileTask:
C2:  80581 12003       4       org.gradle.internal.reflect.ClassInspector::inspectClass (179 bytes)

Stack: [0x00000018ba400000,0x00000018ba500000]
Native frames: (J=compiled Java code, j=interpreted, Vv=VM code, C=native code)
V  [jvm.dll+0x6886b9]
V  [jvm.dll+0x83f6f8]
V  [jvm.dll+0x8411a3]
V  [jvm.dll+0x841813]
V  [jvm.dll+0x2495cf]
V  [jvm.dll+0xad0d4]
V  [jvm.dll+0xad76c]
V  [jvm.dll+0x2b0d0f]
V  [jvm.dll+0x58e669]
V  [jvm.dll+0x223852]
V  [jvm.dll+0x223c4f]
V  [jvm.dll+0x21c9f0]
V  [jvm.dll+0x219b1b]
V  [jvm.dll+0x1a5596]
V  [jvm.dll+0x22a27a]
V  [jvm.dll+0x2283bb]
V  [jvm.dll+0x7f4f48]
V  [jvm.dll+0x7ef2ac]
V  [jvm.dll+0x687597]
C  [ucrtbase.dll+0x21bb2]
C  [KERNEL32.DLL+0x17374]
C  [ntdll.dll+0x4cc91]


---------------  P R O C E S S  ---------------

Threads class SMR info:
_java_thread_list=0x000001eadce9db70, length=92, elements={
0x000001ea9b91ad20, 0x000001eab9587140, 0x000001eab9587ef0, 0x000001eab959cf50,
0x000001eab959e730, 0x000001eab95a2d20, 0x000001eab95a32f0, 0x000001eab95a3ca0,
0x000001eab95bd880, 0x000001eab962fe10, 0x000001eab923f660, 0x000001eab980b8d0,
0x000001ead9781c40, 0x000001ead9abbda0, 0x000001ead9eec640, 0x000001eada665150,
0x000001eada665630, 0x000001ead977c830, 0x000001ead977cd40, 0x000001ead977d760,
0x000001ead977d250, 0x000001eada69c400, 0x000001eada69a5a0, 0x000001eada699b80,
0x000001eada69dd50, 0x000001eada697300, 0x000001eada698740, 0x000001eada69c910,
0x000001eada69b4d0, 0x000001eada69d840, 0x000001eada69d330, 0x000001eada69aab0,
0x000001eada697d20, 0x000001eada698230, 0x000001eada69e260, 0x000001ead977dc70,
0x000001ead977e180, 0x000001eadabf74f0, 0x000001eadabf8930, 0x000001eadabfd010,
0x000001eadabf60b0, 0x000001eadabf6fe0, 0x000001eadabf9350, 0x000001eadabf8420,
0x000001eadabfb6c0, 0x000001eadabfd520, 0x000001eadabfa280, 0x000001eadabf8e40,
0x000001eadabfbbd0, 0x000001eadabf9860, 0x000001eadabfc5f0, 0x000001eadabf7a00,
0x000001eadabf7f10, 0x000001eadabfaca0, 0x000001eadabfb1b0, 0x000001eadabfcb00,
0x000001eadabf65c0, 0x000001eadabf6ad0, 0x000001eade9aa570, 0x000001eade9a5980,
0x000001eade9a9640, 0x000001eade9a72d0, 0x000001eade9a4f60, 0x000001eade9a6dc0,
0x000001eade9a8710, 0x000001eade9a9130, 0x000001eade9a8c20, 0x000001eade9a68b0,
0x000001eade9a5470, 0x000001eade9a7cf0, 0x000001eade9aaa80, 0x000001eade9a9b50,
0x000001eade9a63a0, 0x000001eade9a77e0, 0x000001eade9a8200, 0x000001eade9aaf90,
0x000001eade9aa060, 0x000001eade9ab4a0, 0x000001eade9ab9b0, 0x000001eade9a5e90,
0x000001eade9a4540, 0x000001eade9abec0, 0x000001eade9a4a50, 0x000001eada97bfa0,
0x000001eada97a140, 0x000001eada979720, 0x000001eada97b580, 0x000001eada97ced0,
0x000001eada97ba90, 0x000001eada97c9c0, 0x000001eada97de00, 0x000001eadb73bbb0
}

Java Threads: ( => current thread )
  0x000001ea9b91ad20 JavaThread "main" [_thread_blocked, id=14644, stack(0x00000018ba700000,0x00000018ba800000)]
  0x000001eab9587140 JavaThread "Reference Handler" daemon [_thread_blocked, id=22808, stack(0x00000018bae00000,0x00000018baf00000)]
  0x000001eab9587ef0 JavaThread "Finalizer" daemon [_thread_blocked, id=28172, stack(0x00000018baf00000,0x00000018bb000000)]
  0x000001eab959cf50 JavaThread "Signal Dispatcher" daemon [_thread_blocked, id=14228, stack(0x00000018bb000000,0x00000018bb100000)]
  0x000001eab959e730 JavaThread "Attach Listener" daemon [_thread_blocked, id=24000, stack(0x00000018bb100000,0x00000018bb200000)]
  0x000001eab95a2d20 JavaThread "Service Thread" daemon [_thread_blocked, id=5496, stack(0x00000018bb200000,0x00000018bb300000)]
  0x000001eab95a32f0 JavaThread "Monitor Deflation Thread" daemon [_thread_blocked, id=21408, stack(0x00000018bb300000,0x00000018bb400000)]
  0x000001eab95a3ca0 JavaThread "C2 CompilerThread0" daemon [_thread_in_native, id=26864, stack(0x00000018bb400000,0x00000018bb500000)]
  0x000001eab95bd880 JavaThread "C1 CompilerThread0" daemon [_thread_blocked, id=26900, stack(0x00000018bb500000,0x00000018bb600000)]
  0x000001eab962fe10 JavaThread "Sweeper thread" daemon [_thread_blocked, id=23096, stack(0x00000018bb600000,0x00000018bb700000)]
  0x000001eab923f660 JavaThread "Common-Cleaner" daemon [_thread_blocked, id=15624, stack(0x00000018bb700000,0x00000018bb800000)]
  0x000001eab980b8d0 JavaThread "Notification Thread" daemon [_thread_blocked, id=28160, stack(0x00000018bb800000,0x00000018bb900000)]
  0x000001ead9781c40 JavaThread "Daemon health stats" [_thread_blocked, id=27628, stack(0x00000018bba00000,0x00000018bbb00000)]
  0x000001ead9abbda0 JavaThread "Incoming local TCP Connector on port 61892" [_thread_in_native, id=21276, stack(0x00000018bbe00000,0x00000018bbf00000)]
  0x000001ead9eec640 JavaThread "Daemon periodic checks" [_thread_blocked, id=25856, stack(0x00000018bbf00000,0x00000018bc000000)]
  0x000001eada665150 JavaThread "Daemon" [_thread_blocked, id=8504, stack(0x00000018bc000000,0x00000018bc100000)]
  0x000001eada665630 JavaThread "Handler for socket connection from /127.0.0.1:61892 to /127.0.0.1:61893" [_thread_in_native, id=27568, stack(0x00000018bc100000,0x00000018bc200000)]
  0x000001ead977c830 JavaThread "Cancel handler" [_thread_blocked, id=14492, stack(0x00000018bc200000,0x00000018bc300000)]
  0x000001ead977cd40 JavaThread "Daemon worker" [_thread_in_vm, id=27688, stack(0x00000018bc300000,0x00000018bc400000)]
  0x000001ead977d760 JavaThread "Asynchronous log dispatcher for DefaultDaemonConnection: socket connection from /127.0.0.1:61892 to /127.0.0.1:61893" [_thread_blocked, id=1240, stack(0x00000018bc400000,0x00000018bc500000)]
  0x000001ead977d250 JavaThread "Stdin handler" [_thread_blocked, id=420, stack(0x00000018bc500000,0x00000018bc600000)]
  0x000001eada69c400 JavaThread "Daemon client event forwarder" [_thread_blocked, id=15136, stack(0x00000018bc600000,0x00000018bc700000)]
  0x000001eada69a5a0 JavaThread "Cache worker for journal cache (C:\Users\Amna\.gradle\caches\journal-1)" [_thread_blocked, id=2448, stack(0x00000018bc700000,0x00000018bc800000)]
  0x000001eada699b80 JavaThread "File lock request listener" [_thread_in_native, id=20028, stack(0x00000018bc800000,0x00000018bc900000)]
  0x000001eada69dd50 JavaThread "Cache worker for file hash cache (C:\Users\Amna\.gradle\caches\8.13\fileHashes)" [_thread_blocked, id=9440, stack(0x00000018bc900000,0x00000018bca00000)]
  0x000001eada697300 JavaThread "Cache worker for file hash cache (D:\Module (B)\React Native\FirstApp\android\.gradle\8.13\fileHashes)" [_thread_blocked, id=10064, stack(0x00000018bcb00000,0x00000018bcc00000)]
  0x000001eada698740 JavaThread "Cache worker for Build Output Cleanup Cache (D:\Module (B)\React Native\FirstApp\android\.gradle\buildOutputCleanup)" [_thread_blocked, id=26712, stack(0x00000018bcc00000,0x00000018bcd00000)]
  0x000001eada69c910 JavaThread "File watcher server" daemon [_thread_in_native, id=22884, stack(0x00000018bcd00000,0x00000018bce00000)]
  0x000001eada69b4d0 JavaThread "File watcher consumer" daemon [_thread_blocked, id=1384, stack(0x00000018bce00000,0x00000018bcf00000)]
  0x000001eada69d840 JavaThread "jar transforms" [_thread_blocked, id=17776, stack(0x00000018bd000000,0x00000018bd100000)]
  0x000001eada69d330 JavaThread "Cache worker for checksums cache (D:\Module (B)\React Native\FirstApp\android\.gradle\8.13\checksums)" [_thread_blocked, id=10744, stack(0x00000018bd100000,0x00000018bd200000)]
  0x000001eada69aab0 JavaThread "Cache worker for file content cache (C:\Users\Amna\.gradle\caches\8.13\fileContent)" [_thread_blocked, id=14232, stack(0x00000018bd200000,0x00000018bd300000)]
  0x000001eada697d20 JavaThread "Cache worker for cache directory md-supplier (C:\Users\Amna\.gradle\caches\8.13\md-supplier)" [_thread_blocked, id=16232, stack(0x00000018bd300000,0x00000018bd400000)]
  0x000001eada698230 JavaThread "Cache worker for cache directory md-rule (C:\Users\Amna\.gradle\caches\8.13\md-rule)" [_thread_blocked, id=6684, stack(0x00000018bca00000,0x00000018bcb00000)]
  0x000001eada69e260 JavaThread "Cache worker for Build Output Cleanup Cache (D:\Module (B)\React Native\FirstApp\node_modules\@react-native\gradle-plugin\.gradle\buildOutputCleanup)" [_thread_blocked, id=22244, stack(0x00000018bd400000,0x00000018bd500000)]
  0x000001ead977dc70 JavaThread "Unconstrained build operations" [_thread_blocked, id=13028, stack(0x00000018bd500000,0x00000018bd600000)]
  0x000001ead977e180 JavaThread "Unconstrained build operations Thread 2" [_thread_blocked, id=23396, stack(0x00000018bd700000,0x00000018bd800000)]
  0x000001eadabf74f0 JavaThread "Unconstrained build operations Thread 3" [_thread_blocked, id=6368, stack(0x00000018bd800000,0x00000018bd900000)]
  0x000001eadabf8930 JavaThread "Unconstrained build operations Thread 4" [_thread_blocked, id=5676, stack(0x00000018bd900000,0x00000018bda00000)]
  0x000001eadabfd010 JavaThread "Unconstrained build operations Thread 5" [_thread_blocked, id=28120, stack(0x00000018bda00000,0x00000018bdb00000)]
  0x000001eadabf60b0 JavaThread "Unconstrained build operations Thread 6" [_thread_blocked, id=28468, stack(0x00000018bdb00000,0x00000018bdc00000)]
  0x000001eadabf6fe0 JavaThread "Unconstrained build operations Thread 7" [_thread_blocked, id=7308, stack(0x00000018bdd00000,0x00000018bde00000)]
  0x000001eadabf9350 JavaThread "Unconstrained build operations Thread 8" [_thread_blocked, id=8872, stack(0x00000018bde00000,0x00000018bdf00000)]
  0x000001eadabf8420 JavaThread "Unconstrained build operations Thread 9" [_thread_blocked, id=11748, stack(0x00000018bdf00000,0x00000018be000000)]
  0x000001eadabfb6c0 JavaThread "Unconstrained build operations Thread 10" [_thread_blocked, id=3880, stack(0x00000018be000000,0x00000018be100000)]
  0x000001eadabfd520 JavaThread "Unconstrained build operations Thread 11" [_thread_blocked, id=17252, stack(0x00000018be100000,0x00000018be200000)]
  0x000001eadabfa280 JavaThread "Unconstrained build operations Thread 12" [_thread_blocked, id=19696, stack(0x00000018be200000,0x00000018be300000)]
  0x000001eadabf8e40 JavaThread "Unconstrained build operations Thread 13" [_thread_blocked, id=9640, stack(0x00000018be300000,0x00000018be400000)]
  0x000001eadabfbbd0 JavaThread "Unconstrained build operations Thread 14" [_thread_blocked, id=25076, stack(0x00000018be400000,0x00000018be500000)]
  0x000001eadabf9860 JavaThread "Unconstrained build operations Thread 15" [_thread_blocked, id=468, stack(0x00000018be500000,0x00000018be600000)]
  0x000001eadabfc5f0 JavaThread "build event listener" [_thread_blocked, id=7584, stack(0x00000018bdc00000,0x00000018bdd00000)]
  0x000001eadabf7a00 JavaThread "Memory manager" [_thread_blocked, id=12608, stack(0x00000018be600000,0x00000018be700000)]
  0x000001eadabf7f10 JavaThread "ForkJoinPool.commonPool-worker-1" daemon [_thread_blocked, id=26488, stack(0x00000018bea00000,0x00000018beb00000)]
  0x000001eadabfaca0 JavaThread "ForkJoinPool.commonPool-worker-2" daemon [_thread_blocked, id=11096, stack(0x00000018beb00000,0x00000018bec00000)]
  0x000001eadabfb1b0 JavaThread "ForkJoinPool.commonPool-worker-3" daemon [_thread_blocked, id=15372, stack(0x00000018bec00000,0x00000018bed00000)]
  0x000001eadabfcb00 JavaThread "Exec process" [_thread_blocked, id=3648, stack(0x00000018bed00000,0x00000018bee00000)]
  0x000001eadabf65c0 JavaThread "Exec process Thread 2" [_thread_blocked, id=18068, stack(0x00000018bee00000,0x00000018bef00000)]
  0x000001eadabf6ad0 JavaThread "Exec process Thread 3" [_thread_blocked, id=13720, stack(0x00000018bef00000,0x00000018bf000000)]
  0x000001eade9aa570 JavaThread "included builds" [_thread_blocked, id=24660, stack(0x00000018be700000,0x00000018be800000)]
  0x000001eade9a5980 JavaThread "Execution worker" [_thread_blocked, id=19712, stack(0x00000018bf000000,0x00000018bf100000)]
  0x000001eade9a9640 JavaThread "Execution worker Thread 2" [_thread_blocked, id=14272, stack(0x00000018bf100000,0x00000018bf200000)]
  0x000001eade9a72d0 JavaThread "Execution worker Thread 3" [_thread_blocked, id=8796, stack(0x00000018bf200000,0x00000018bf300000)]
  0x000001eade9a4f60 JavaThread "Cache worker for execution history cache (D:\Module (B)\React Native\FirstApp\node_modules\@react-native\gradle-plugin\.gradle\8.13\executionHistory)" [_thread_blocked, id=18500, stack(0x00000018bf300000,0x00000018bf400000)]
  0x000001eade9a6dc0 JavaThread "Unconstrained build operations Thread 16" [_thread_blocked, id=23080, stack(0x00000018bf400000,0x00000018bf500000)]
  0x000001eade9a8710 JavaThread "Unconstrained build operations Thread 17" [_thread_blocked, id=23648, stack(0x00000018bf500000,0x00000018bf600000)]
  0x000001eade9a9130 JavaThread "Unconstrained build operations Thread 18" [_thread_blocked, id=11616, stack(0x00000018bf600000,0x00000018bf700000)]
  0x000001eade9a8c20 JavaThread "Unconstrained build operations Thread 19" [_thread_blocked, id=17092, stack(0x00000018bf700000,0x00000018bf800000)]
  0x000001eade9a68b0 JavaThread "Unconstrained build operations Thread 20" [_thread_blocked, id=6456, stack(0x00000018bf800000,0x00000018bf900000)]
  0x000001eade9a5470 JavaThread "Unconstrained build operations Thread 21" [_thread_blocked, id=26296, stack(0x00000018bf900000,0x00000018bfa00000)]
  0x000001eade9a7cf0 JavaThread "Unconstrained build operations Thread 22" [_thread_blocked, id=8312, stack(0x00000018bfa00000,0x00000018bfb00000)]
  0x000001eade9aaa80 JavaThread "Unconstrained build operations Thread 23" [_thread_blocked, id=26220, stack(0x00000018bfb00000,0x00000018bfc00000)]
  0x000001eade9a9b50 JavaThread "Unconstrained build operations Thread 24" [_thread_blocked, id=13656, stack(0x00000018bfc00000,0x00000018bfd00000)]
  0x000001eade9a63a0 JavaThread "Unconstrained build operations Thread 25" [_thread_blocked, id=22976, stack(0x00000018bfe00000,0x00000018bff00000)]
  0x000001eade9a77e0 JavaThread "Unconstrained build operations Thread 26" [_thread_blocked, id=12380, stack(0x00000018bff00000,0x00000018c0000000)]
  0x000001eade9a8200 JavaThread "Unconstrained build operations Thread 27" [_thread_blocked, id=15996, stack(0x00000018c0000000,0x00000018c0100000)]
  0x000001eade9aaf90 JavaThread "Unconstrained build operations Thread 28" [_thread_blocked, id=5740, stack(0x00000018c0100000,0x00000018c0200000)]
  0x000001eade9aa060 JavaThread "Unconstrained build operations Thread 29" [_thread_blocked, id=10736, stack(0x00000018c0200000,0x00000018c0300000)]
  0x000001eade9ab4a0 JavaThread "Unconstrained build operations Thread 30" [_thread_blocked, id=21616, stack(0x00000018c0300000,0x00000018c0400000)]
  0x000001eade9ab9b0 JavaThread "Unconstrained build operations Thread 31" [_thread_blocked, id=28600, stack(0x00000018c0400000,0x00000018c0500000)]
  0x000001eade9a5e90 JavaThread "Unconstrained build operations Thread 32" [_thread_blocked, id=23428, stack(0x00000018c0500000,0x00000018c0600000)]
  0x000001eade9a4540 JavaThread "Unconstrained build operations Thread 33" [_thread_blocked, id=14420, stack(0x00000018c0600000,0x00000018c0700000)]
  0x000001eade9abec0 JavaThread "Unconstrained build operations Thread 34" [_thread_blocked, id=9100, stack(0x00000018c0700000,0x00000018c0800000)]
  0x000001eade9a4a50 JavaThread "Unconstrained build operations Thread 35" [_thread_blocked, id=26456, stack(0x00000018c0800000,0x00000018c0900000)]
  0x000001eada97bfa0 JavaThread "Unconstrained build operations Thread 36" [_thread_blocked, id=19560, stack(0x00000018c0900000,0x00000018c0a00000)]
  0x000001eada97a140 JavaThread "Unconstrained build operations Thread 37" [_thread_blocked, id=25004, stack(0x00000018c0a00000,0x00000018c0b00000)]
  0x000001eada979720 JavaThread "jar transforms Thread 2" [_thread_blocked, id=14432, stack(0x00000018bfd00000,0x00000018bfe00000)]
  0x000001eada97b580 JavaThread "jar transforms Thread 3" [_thread_blocked, id=3184, stack(0x00000018c0c00000,0x00000018c0d00000)]
  0x000001eada97ced0 JavaThread "Unconstrained build operations Thread 38" [_thread_blocked, id=10060, stack(0x00000018c0b00000,0x00000018c0c00000)]
  0x000001eada97ba90 JavaThread "Unconstrained build operations Thread 39" [_thread_blocked, id=27256, stack(0x00000018c0d00000,0x00000018c0e00000)]
  0x000001eada97c9c0 JavaThread "Unconstrained build operations Thread 40" [_thread_blocked, id=6140, stack(0x00000018c0e00000,0x00000018c0f00000)]
  0x000001eada97de00 JavaThread "jar transforms Thread 4" [_thread_blocked, id=25048, stack(0x00000018c1000000,0x00000018c1100000)]
=>0x000001eadb73bbb0 JavaThread "C2 CompilerThread1" daemon [_thread_in_native, id=13624, stack(0x00000018ba400000,0x00000018ba500000)]

Other Threads:
  0x000001eab924e0b0 VMThread "VM Thread" [stack: 0x00000018bad00000,0x00000018bae00000] [id=22024]
  0x000001eab96f6920 WatcherThread [stack: 0x00000018bb900000,0x00000018bba00000] [id=24888]
  0x000001ea9b975b40 GCTaskThread "GC Thread#0" [stack: 0x00000018ba800000,0x00000018ba900000] [id=23376]
  0x000001eab9826370 GCTaskThread "GC Thread#1" [stack: 0x00000018bbb00000,0x00000018bbc00000] [id=25892]
  0x000001eab97c6f10 GCTaskThread "GC Thread#2" [stack: 0x00000018bbc00000,0x00000018bbd00000] [id=4428]
  0x000001eab97c71d0 GCTaskThread "GC Thread#3" [stack: 0x00000018bbd00000,0x00000018bbe00000] [id=9096]
  0x000001ea9b987300 ConcurrentGCThread "G1 Main Marker" [stack: 0x00000018ba900000,0x00000018baa00000] [id=10780]
  0x000001ea9b987d20 ConcurrentGCThread "G1 Conc#0" [stack: 0x00000018baa00000,0x00000018bab00000] [id=22632]
  0x000001ea9b9cd4b0 ConcurrentGCThread "G1 Refine#0" [stack: 0x00000018bab00000,0x00000018bac00000] [id=14124]
  0x000001eadbcbd150 ConcurrentGCThread "G1 Refine#1" [stack: 0x00000018bcf00000,0x00000018bd000000] [id=19700]
  0x000001ea9b9cdee0 ConcurrentGCThread "G1 Service" [stack: 0x00000018bac00000,0x00000018bad00000] [id=24592]

Threads with active compile tasks:
C2 CompilerThread0    80665 12050       4       java.lang.Class::privateGetDeclaredMethods (64 bytes)
C2 CompilerThread1    80666 12003       4       org.gradle.internal.reflect.ClassInspector::inspectClass (179 bytes)

VM state: not at safepoint (normal execution)

VM Mutex/Monitor currently owned by a thread: None

Heap address: 0x0000000080000000, size: 2048 MB, Compressed Oops mode: 32-bit

CDS archive(s) mapped at: [0x000001eaba000000-0x000001eababb0000-0x000001eababb0000), size 12255232, SharedBaseAddress: 0x000001eaba000000, ArchiveRelocationMode: 1.
Compressed class space mapped at: 0x000001eabb000000-0x000001ead5000000, reserved size: 436207616
Narrow klass base: 0x000001eaba000000, Narrow klass shift: 0, Narrow klass range: 0x100000000

GC Precious Log:
 CPUs: 4 total, 4 available
 Memory: 16263M
 Large Page Support: Disabled
 NUMA Support: Disabled
 Compressed Oops: Enabled (32-bit)
 Heap Region Size: 1M
 Heap Min Capacity: 8M
 Heap Initial Capacity: 256M
 Heap Max Capacity: 2G
 Pre-touch: Disabled
 Parallel Workers: 4
 Concurrent Workers: 1
 Concurrent Refinement Workers: 4
 Periodic GC: Disabled

Heap:
 garbage-first heap   total 215040K, used 167203K [0x0000000080000000, 0x0000000100000000)
  region size 1024K, 73 young (74752K), 12 survivors (12288K)
 Metaspace       used 88664K, committed 89536K, reserved 557056K
  class space    used 12206K, committed 12608K, reserved 425984K

Heap Regions: E=young(eden), S=young(survivor), O=old, HS=humongous(starts), HC=humongous(continues), CS=collection set, F=free, OA=open archive, CA=closed archive, TAMS=top-at-mark-start (previous, next)
|   0|0x0000000080000000, 0x0000000080100000, 0x0000000080100000|100%|HS|  |TAMS 0x0000000080100000, 0x0000000080000000| Complete 
|   1|0x0000000080100000, 0x0000000080200000, 0x0000000080200000|100%|HC|  |TAMS 0x0000000080200000, 0x0000000080100000| Complete 
|   2|0x0000000080200000, 0x0000000080300000, 0x0000000080300000|100%|HC|  |TAMS 0x0000000080300000, 0x0000000080200000| Complete 
|   3|0x0000000080300000, 0x0000000080400000, 0x0000000080400000|100%| O|  |TAMS 0x0000000080400000, 0x0000000080300000| Untracked 
|   4|0x0000000080400000, 0x0000000080500000, 0x0000000080500000|100%| O|  |TAMS 0x0000000080500000, 0x0000000080400000| Untracked 
|   5|0x0000000080500000, 0x0000000080600000, 0x0000000080600000|100%| O|  |TAMS 0x0000000080600000, 0x0000000080500000| Untracked 
|   6|0x0000000080600000, 0x0000000080700000, 0x0000000080700000|100%| O|  |TAMS 0x0000000080700000, 0x0000000080600000| Untracked 
|   7|0x0000000080700000, 0x0000000080800000, 0x0000000080800000|100%|HS|  |TAMS 0x0000000080800000, 0x0000000080700000| Complete 
|   8|0x0000000080800000, 0x0000000080900000, 0x0000000080900000|100%| O|  |TAMS 0x0000000080900000, 0x0000000080800000| Untracked 
|   9|0x0000000080900000, 0x0000000080a00000, 0x0000000080a00000|100%| O|  |TAMS 0x0000000080a00000, 0x0000000080900000| Untracked 
|  10|0x0000000080a00000, 0x0000000080b00000, 0x0000000080b00000|100%| O|  |TAMS 0x0000000080b00000, 0x0000000080a00000| Untracked 
|  11|0x0000000080b00000, 0x0000000080c00000, 0x0000000080c00000|100%| O|  |TAMS 0x0000000080c00000, 0x0000000080b00000| Untracked 
|  12|0x0000000080c00000, 0x0000000080d00000, 0x0000000080d00000|100%| O|  |TAMS 0x0000000080d00000, 0x0000000080c00000| Untracked 
|  13|0x0000000080d00000, 0x0000000080e00000, 0x0000000080e00000|100%| O|  |TAMS 0x0000000080e00000, 0x0000000080d00000| Untracked 
|  14|0x0000000080e00000, 0x0000000080f00000, 0x0000000080f00000|100%| O|  |TAMS 0x0000000080f00000, 0x0000000080e00000| Untracked 
|  15|0x0000000080f00000, 0x0000000081000000, 0x0000000081000000|100%| O|  |TAMS 0x0000000081000000, 0x0000000080f00000| Untracked 
|  16|0x0000000081000000, 0x0000000081100000, 0x0000000081100000|100%| O|  |TAMS 0x0000000081100000, 0x0000000081000000| Untracked 
|  17|0x0000000081100000, 0x0000000081200000, 0x0000000081200000|100%| O|  |TAMS 0x0000000081200000, 0x0000000081100000| Untracked 
|  18|0x0000000081200000, 0x0000000081300000, 0x0000000081300000|100%| O|  |TAMS 0x0000000081300000, 0x0000000081200000| Untracked 
|  19|0x0000000081300000, 0x0000000081400000, 0x0000000081400000|100%| O|  |TAMS 0x0000000081400000, 0x0000000081300000| Untracked 
|  20|0x0000000081400000, 0x0000000081500000, 0x0000000081500000|100%| O|  |TAMS 0x0000000081500000, 0x0000000081400000| Untracked 
|  21|0x0000000081500000, 0x0000000081600000, 0x0000000081600000|100%| O|  |TAMS 0x0000000081600000, 0x0000000081500000| Untracked 
|  22|0x0000000081600000, 0x0000000081700000, 0x0000000081700000|100%| O|  |TAMS 0x0000000081700000, 0x0000000081600000| Untracked 
|  23|0x0000000081700000, 0x0000000081800000, 0x0000000081800000|100%| O|  |TAMS 0x0000000081800000, 0x0000000081700000| Untracked 
|  24|0x0000000081800000, 0x0000000081900000, 0x0000000081900000|100%| O|  |TAMS 0x0000000081900000, 0x0000000081800000| Untracked 
|  25|0x0000000081900000, 0x0000000081a00000, 0x0000000081a00000|100%| O|  |TAMS 0x0000000081a00000, 0x0000000081900000| Untracked 
|  26|0x0000000081a00000, 0x0000000081b00000, 0x0000000081b00000|100%| O|  |TAMS 0x0000000081b00000, 0x0000000081a00000| Untracked 
|  27|0x0000000081b00000, 0x0000000081c00000, 0x0000000081c00000|100%| O|  |TAMS 0x0000000081c00000, 0x0000000081b00000| Untracked 
|  28|0x0000000081c00000, 0x0000000081d00000, 0x0000000081d00000|100%| O|  |TAMS 0x0000000081d00000, 0x0000000081c00000| Untracked 
|  29|0x0000000081d00000, 0x0000000081e00000, 0x0000000081e00000|100%| O|  |TAMS 0x0000000081e00000, 0x0000000081d00000| Untracked 
|  30|0x0000000081e00000, 0x0000000081f00000, 0x0000000081f00000|100%| O|  |TAMS 0x0000000081e00000, 0x0000000081e00000| Untracked 
|  31|0x0000000081f00000, 0x0000000082000000, 0x0000000082000000|100%| O|  |TAMS 0x0000000082000000, 0x0000000081f00000| Untracked 
|  32|0x0000000082000000, 0x0000000082100000, 0x0000000082100000|100%| O|  |TAMS 0x0000000082100000, 0x0000000082000000| Untracked 
|  33|0x0000000082100000, 0x0000000082200000, 0x0000000082200000|100%| O|  |TAMS 0x0000000082200000, 0x0000000082100000| Untracked 
|  34|0x0000000082200000, 0x0000000082300000, 0x0000000082300000|100%| O|  |TAMS 0x0000000082300000, 0x0000000082200000| Untracked 
|  35|0x0000000082300000, 0x0000000082400000, 0x0000000082400000|100%| O|  |TAMS 0x0000000082400000, 0x0000000082300000| Untracked 
|  36|0x0000000082400000, 0x0000000082500000, 0x0000000082500000|100%| O|  |TAMS 0x0000000082500000, 0x0000000082400000| Untracked 
|  37|0x0000000082500000, 0x0000000082600000, 0x0000000082600000|100%| O|  |TAMS 0x0000000082600000, 0x0000000082500000| Untracked 
|  38|0x0000000082600000, 0x0000000082700000, 0x0000000082700000|100%| O|  |TAMS 0x0000000082600000, 0x0000000082600000| Untracked 
|  39|0x0000000082700000, 0x0000000082800000, 0x0000000082800000|100%| O|  |TAMS 0x0000000082800000, 0x0000000082700000| Untracked 
|  40|0x0000000082800000, 0x0000000082900000, 0x0000000082900000|100%| O|  |TAMS 0x0000000082900000, 0x0000000082800000| Untracked 
|  41|0x0000000082900000, 0x0000000082a00000, 0x0000000082a00000|100%| O|  |TAMS 0x0000000082a00000, 0x0000000082900000| Untracked 
|  42|0x0000000082a00000, 0x0000000082b00000, 0x0000000082b00000|100%| O|  |TAMS 0x0000000082b00000, 0x0000000082a00000| Untracked 
|  43|0x0000000082b00000, 0x0000000082c00000, 0x0000000082c00000|100%| O|  |TAMS 0x0000000082c00000, 0x0000000082b00000| Untracked 
|  44|0x0000000082c00000, 0x0000000082d00000, 0x0000000082d00000|100%|HS|  |TAMS 0x0000000082d00000, 0x0000000082c00000| Complete 
|  45|0x0000000082d00000, 0x0000000082e00000, 0x0000000082e00000|100%|HC|  |TAMS 0x0000000082e00000, 0x0000000082d00000| Complete 
|  46|0x0000000082e00000, 0x0000000082f00000, 0x0000000082f00000|100%|HS|  |TAMS 0x0000000082f00000, 0x0000000082e00000| Complete 
|  47|0x0000000082f00000, 0x0000000083000000, 0x0000000083000000|100%|HC|  |TAMS 0x0000000083000000, 0x0000000082f00000| Complete 
|  48|0x0000000083000000, 0x0000000083100000, 0x0000000083100000|100%|HC|  |TAMS 0x0000000083100000, 0x0000000083000000| Complete 
|  49|0x0000000083100000, 0x0000000083200000, 0x0000000083200000|100%|HS|  |TAMS 0x0000000083200000, 0x0000000083100000| Complete 
|  50|0x0000000083200000, 0x0000000083300000, 0x0000000083300000|100%|HC|  |TAMS 0x0000000083300000, 0x0000000083200000| Complete 
|  51|0x0000000083300000, 0x0000000083400000, 0x0000000083400000|100%| O|  |TAMS 0x0000000083400000, 0x0000000083300000| Untracked 
|  52|0x0000000083400000, 0x0000000083500000, 0x0000000083500000|100%| O|  |TAMS 0x0000000083500000, 0x0000000083400000| Untracked 
|  53|0x0000000083500000, 0x0000000083600000, 0x0000000083600000|100%| O|  |TAMS 0x0000000083600000, 0x0000000083500000| Untracked 
|  54|0x0000000083600000, 0x0000000083700000, 0x0000000083700000|100%| O|  |TAMS 0x0000000083700000, 0x0000000083600000| Untracked 
|  55|0x0000000083700000, 0x0000000083800000, 0x0000000083800000|100%| O|  |TAMS 0x0000000083800000, 0x0000000083700000| Untracked 
|  56|0x0000000083800000, 0x0000000083900000, 0x0000000083900000|100%| O|  |TAMS 0x0000000083900000, 0x0000000083800000| Untracked 
|  57|0x0000000083900000, 0x0000000083a00000, 0x0000000083a00000|100%| O|  |TAMS 0x0000000083a00000, 0x0000000083900000| Untracked 
|  58|0x0000000083a00000, 0x0000000083b00000, 0x0000000083b00000|100%|HS|  |TAMS 0x0000000083b00000, 0x0000000083a00000| Complete 
|  59|0x0000000083b00000, 0x0000000083c00000, 0x0000000083c00000|100%|HC|  |TAMS 0x0000000083c00000, 0x0000000083b00000| Complete 
|  60|0x0000000083c00000, 0x0000000083d00000, 0x0000000083d00000|100%|HC|  |TAMS 0x0000000083d00000, 0x0000000083c00000| Complete 
|  61|0x0000000083d00000, 0x0000000083e00000, 0x0000000083e00000|100%| O|  |TAMS 0x0000000083e00000, 0x0000000083d00000| Untracked 
|  62|0x0000000083e00000, 0x0000000083f00000, 0x0000000083f00000|100%| O|  |TAMS 0x0000000083eaaa00, 0x0000000083e00000| Untracked 
|  63|0x0000000083f00000, 0x0000000084000000, 0x0000000084000000|100%| O|  |TAMS 0x0000000083f00000, 0x0000000083f00000| Untracked 
|  64|0x0000000084000000, 0x0000000084100000, 0x0000000084100000|100%| O|  |TAMS 0x0000000084000000, 0x0000000084000000| Untracked 
|  65|0x0000000084100000, 0x0000000084200000, 0x0000000084200000|100%| O|  |TAMS 0x0000000084100000, 0x0000000084100000| Untracked 
|  66|0x0000000084200000, 0x0000000084300000, 0x0000000084300000|100%| O|  |TAMS 0x0000000084200000, 0x0000000084200000| Untracked 
|  67|0x0000000084300000, 0x0000000084400000, 0x0000000084400000|100%| O|  |TAMS 0x0000000084300000, 0x0000000084300000| Untracked 
|  68|0x0000000084400000, 0x0000000084500000, 0x0000000084500000|100%| O|  |TAMS 0x0000000084400000, 0x0000000084400000| Untracked 
|  69|0x0000000084500000, 0x0000000084600000, 0x0000000084600000|100%| O|  |TAMS 0x0000000084500000, 0x0000000084500000| Untracked 
|  70|0x0000000084600000, 0x0000000084700000, 0x0000000084700000|100%| O|  |TAMS 0x0000000084600000, 0x0000000084600000| Untracked 
|  71|0x0000000084700000, 0x0000000084800000, 0x0000000084800000|100%| O|  |TAMS 0x0000000084700000, 0x0000000084700000| Untracked 
|  72|0x0000000084800000, 0x0000000084900000, 0x0000000084900000|100%| O|  |TAMS 0x0000000084800000, 0x0000000084800000| Untracked 
|  73|0x0000000084900000, 0x0000000084a00000, 0x0000000084a00000|100%| O|  |TAMS 0x0000000084900000, 0x0000000084900000| Untracked 
|  74|0x0000000084a00000, 0x0000000084b00000, 0x0000000084b00000|100%| O|  |TAMS 0x0000000084a00000, 0x0000000084a00000| Untracked 
|  75|0x0000000084b00000, 0x0000000084c00000, 0x0000000084c00000|100%| O|  |TAMS 0x0000000084b00000, 0x0000000084b00000| Untracked 
|  76|0x0000000084c00000, 0x0000000084d00000, 0x0000000084d00000|100%| O|  |TAMS 0x0000000084c00000, 0x0000000084c00000| Untracked 
|  77|0x0000000084d00000, 0x0000000084e00000, 0x0000000084e00000|100%| O|  |TAMS 0x0000000084d00000, 0x0000000084d00000| Untracked 
|  78|0x0000000084e00000, 0x0000000084f00000, 0x0000000084f00000|100%| O|  |TAMS 0x0000000084e00000, 0x0000000084e00000| Untracked 
|  79|0x0000000084f00000, 0x0000000085000000, 0x0000000085000000|100%|HS|  |TAMS 0x0000000084f00000, 0x0000000084f00000| Complete 
|  80|0x0000000085000000, 0x0000000085100000, 0x0000000085100000|100%|HS|  |TAMS 0x0000000085000000, 0x0000000085000000| Complete 
|  81|0x0000000085100000, 0x0000000085200000, 0x0000000085200000|100%|HS|  |TAMS 0x0000000085100000, 0x0000000085100000| Complete 
|  82|0x0000000085200000, 0x0000000085300000, 0x0000000085300000|100%|HS|  |TAMS 0x0000000085200000, 0x0000000085200000| Complete 
|  83|0x0000000085300000, 0x0000000085400000, 0x0000000085400000|100%|HS|  |TAMS 0x0000000085300000, 0x0000000085300000| Complete 
|  84|0x0000000085400000, 0x0000000085500000, 0x0000000085500000|100%|HS|  |TAMS 0x0000000085400000, 0x0000000085400000| Complete 
|  85|0x0000000085500000, 0x0000000085600000, 0x0000000085600000|100%|HS|  |TAMS 0x0000000085500000, 0x0000000085500000| Complete 
|  86|0x0000000085600000, 0x0000000085700000, 0x0000000085700000|100%|HS|  |TAMS 0x0000000085600000, 0x0000000085600000| Complete 
|  87|0x0000000085700000, 0x0000000085800000, 0x0000000085800000|100%| O|  |TAMS 0x0000000085700000, 0x0000000085700000| Untracked 
|  88|0x0000000085800000, 0x0000000085848e00, 0x0000000085900000| 28%| O|  |TAMS 0x0000000085800000, 0x0000000085800000| Untracked 
|  89|0x0000000085900000, 0x0000000085a00000, 0x0000000085a00000|100%|HS|  |TAMS 0x0000000085900000, 0x0000000085900000| Complete 
|  90|0x0000000085a00000, 0x0000000085b00000, 0x0000000085b00000|100%|HS|  |TAMS 0x0000000085a00000, 0x0000000085a00000| Complete 
|  91|0x0000000085b00000, 0x0000000085c00000, 0x0000000085c00000|100%|HS|  |TAMS 0x0000000085b00000, 0x0000000085b00000| Complete 
|  92|0x0000000085c00000, 0x0000000085c00000, 0x0000000085d00000|  0%| F|  |TAMS 0x0000000085c00000, 0x0000000085c00000| Untracked 
|  93|0x0000000085d00000, 0x0000000085d00000, 0x0000000085e00000|  0%| F|  |TAMS 0x0000000085d00000, 0x0000000085d00000| Untracked 
|  94|0x0000000085e00000, 0x0000000085e00000, 0x0000000085f00000|  0%| F|  |TAMS 0x0000000085e00000, 0x0000000085e00000| Untracked 
|  95|0x0000000085f00000, 0x0000000085f00000, 0x0000000086000000|  0%| F|  |TAMS 0x0000000085f00000, 0x0000000085f00000| Untracked 
|  96|0x0000000086000000, 0x0000000086000000, 0x0000000086100000|  0%| F|  |TAMS 0x0000000086000000, 0x0000000086000000| Untracked 
|  97|0x0000000086100000, 0x0000000086100000, 0x0000000086200000|  0%| F|  |TAMS 0x0000000086100000, 0x0000000086100000| Untracked 
|  98|0x0000000086200000, 0x0000000086200000, 0x0000000086300000|  0%| F|  |TAMS 0x0000000086200000, 0x0000000086200000| Untracked 
|  99|0x0000000086300000, 0x0000000086300000, 0x0000000086400000|  0%| F|  |TAMS 0x0000000086300000, 0x0000000086300000| Untracked 
| 100|0x0000000086400000, 0x0000000086400000, 0x0000000086500000|  0%| F|  |TAMS 0x0000000086400000, 0x0000000086400000| Untracked 
| 101|0x0000000086500000, 0x0000000086500000, 0x0000000086600000|  0%| F|  |TAMS 0x0000000086500000, 0x0000000086500000| Untracked 
| 102|0x0000000086600000, 0x0000000086600000, 0x0000000086700000|  0%| F|  |TAMS 0x0000000086600000, 0x0000000086600000| Untracked 
| 103|0x0000000086700000, 0x0000000086700000, 0x0000000086800000|  0%| F|  |TAMS 0x0000000086700000, 0x0000000086700000| Untracked 
| 104|0x0000000086800000, 0x0000000086800000, 0x0000000086900000|  0%| F|  |TAMS 0x0000000086800000, 0x0000000086800000| Untracked 
| 105|0x0000000086900000, 0x0000000086900000, 0x0000000086a00000|  0%| F|  |TAMS 0x0000000086900000, 0x0000000086900000| Untracked 
| 106|0x0000000086a00000, 0x0000000086a00000, 0x0000000086b00000|  0%| F|  |TAMS 0x0000000086a00000, 0x0000000086a00000| Untracked 
| 107|0x0000000086b00000, 0x0000000086c00000, 0x0000000086c00000|100%| S|CS|TAMS 0x0000000086b00000, 0x0000000086b00000| Complete 
| 108|0x0000000086c00000, 0x0000000086d00000, 0x0000000086d00000|100%| S|CS|TAMS 0x0000000086c00000, 0x0000000086c00000| Complete 
| 109|0x0000000086d00000, 0x0000000086e00000, 0x0000000086e00000|100%| S|CS|TAMS 0x0000000086d00000, 0x0000000086d00000| Complete 
| 110|0x0000000086e00000, 0x0000000086f00000, 0x0000000086f00000|100%| S|CS|TAMS 0x0000000086e00000, 0x0000000086e00000| Complete 
| 111|0x0000000086f00000, 0x0000000087000000, 0x0000000087000000|100%| S|CS|TAMS 0x0000000086f00000, 0x0000000086f00000| Complete 
| 112|0x0000000087000000, 0x0000000087100000, 0x0000000087100000|100%| S|CS|TAMS 0x0000000087000000, 0x0000000087000000| Complete 
| 113|0x0000000087100000, 0x0000000087200000, 0x0000000087200000|100%| S|CS|TAMS 0x0000000087100000, 0x0000000087100000| Complete 
| 114|0x0000000087200000, 0x0000000087300000, 0x0000000087300000|100%| S|CS|TAMS 0x0000000087200000, 0x0000000087200000| Complete 
| 115|0x0000000087300000, 0x0000000087400000, 0x0000000087400000|100%| S|CS|TAMS 0x0000000087300000, 0x0000000087300000| Complete 
| 116|0x0000000087400000, 0x0000000087500000, 0x0000000087500000|100%| S|CS|TAMS 0x0000000087400000, 0x0000000087400000| Complete 
| 117|0x0000000087500000, 0x0000000087600000, 0x0000000087600000|100%| S|CS|TAMS 0x0000000087500000, 0x0000000087500000| Complete 
| 118|0x0000000087600000, 0x0000000087600000, 0x0000000087700000|  0%| F|  |TAMS 0x0000000087600000, 0x0000000087600000| Untracked 
| 119|0x0000000087700000, 0x0000000087700000, 0x0000000087800000|  0%| F|  |TAMS 0x0000000087700000, 0x0000000087700000| Untracked 
| 120|0x0000000087800000, 0x0000000087800000, 0x0000000087900000|  0%| F|  |TAMS 0x0000000087800000, 0x0000000087800000| Untracked 
| 121|0x0000000087900000, 0x0000000087900000, 0x0000000087a00000|  0%| F|  |TAMS 0x0000000087900000, 0x0000000087900000| Untracked 
| 122|0x0000000087a00000, 0x0000000087a00000, 0x0000000087b00000|  0%| F|  |TAMS 0x0000000087a00000, 0x0000000087a00000| Untracked 
| 123|0x0000000087b00000, 0x0000000087b00000, 0x0000000087c00000|  0%| F|  |TAMS 0x0000000087b00000, 0x0000000087b00000| Untracked 
| 124|0x0000000087c00000, 0x0000000087d00000, 0x0000000087d00000|100%| S|CS|TAMS 0x0000000087c00000, 0x0000000087c00000| Complete 
| 125|0x0000000087d00000, 0x0000000087d00000, 0x0000000087e00000|  0%| F|  |TAMS 0x0000000087d00000, 0x0000000087d00000| Untracked 
| 126|0x0000000087e00000, 0x0000000087e00000, 0x0000000087f00000|  0%| F|  |TAMS 0x0000000087e00000, 0x0000000087e00000| Untracked 
| 127|0x0000000087f00000, 0x0000000087f00000, 0x0000000088000000|  0%| F|  |TAMS 0x0000000087f00000, 0x0000000087f00000| Untracked 
| 128|0x0000000088000000, 0x0000000088000000, 0x0000000088100000|  0%| F|  |TAMS 0x0000000088000000, 0x0000000088000000| Untracked 
| 129|0x0000000088100000, 0x0000000088100000, 0x0000000088200000|  0%| F|  |TAMS 0x0000000088100000, 0x0000000088100000| Untracked 
| 130|0x0000000088200000, 0x0000000088200000, 0x0000000088300000|  0%| F|  |TAMS 0x0000000088200000, 0x0000000088200000| Untracked 
| 131|0x0000000088300000, 0x0000000088300000, 0x0000000088400000|  0%| F|  |TAMS 0x0000000088300000, 0x0000000088300000| Untracked 
| 132|0x0000000088400000, 0x0000000088400000, 0x0000000088500000|  0%| F|  |TAMS 0x0000000088400000, 0x0000000088400000| Untracked 
| 133|0x0000000088500000, 0x0000000088500000, 0x0000000088600000|  0%| F|  |TAMS 0x0000000088500000, 0x0000000088500000| Untracked 
| 134|0x0000000088600000, 0x0000000088600000, 0x0000000088700000|  0%| F|  |TAMS 0x0000000088600000, 0x0000000088600000| Untracked 
| 135|0x0000000088700000, 0x0000000088700000, 0x0000000088800000|  0%| F|  |TAMS 0x0000000088700000, 0x0000000088700000| Untracked 
| 136|0x0000000088800000, 0x0000000088800000, 0x0000000088900000|  0%| F|  |TAMS 0x0000000088800000, 0x0000000088800000| Untracked 
| 137|0x0000000088900000, 0x0000000088900000, 0x0000000088a00000|  0%| F|  |TAMS 0x0000000088900000, 0x0000000088900000| Untracked 
| 138|0x0000000088a00000, 0x0000000088a00000, 0x0000000088b00000|  0%| F|  |TAMS 0x0000000088a00000, 0x0000000088a00000| Untracked 
| 139|0x0000000088b00000, 0x0000000088b00000, 0x0000000088c00000|  0%| F|  |TAMS 0x0000000088b00000, 0x0000000088b00000| Untracked 
| 140|0x0000000088c00000, 0x0000000088c00000, 0x0000000088d00000|  0%| F|  |TAMS 0x0000000088c00000, 0x0000000088c00000| Untracked 
| 141|0x0000000088d00000, 0x0000000088d00000, 0x0000000088e00000|  0%| F|  |TAMS 0x0000000088d00000, 0x0000000088d00000| Untracked 
| 142|0x0000000088e00000, 0x0000000088e00000, 0x0000000088f00000|  0%| F|  |TAMS 0x0000000088e00000, 0x0000000088e00000| Untracked 
| 143|0x0000000088f00000, 0x0000000088f00000, 0x0000000089000000|  0%| F|  |TAMS 0x0000000088f00000, 0x0000000088f00000| Untracked 
| 144|0x0000000089000000, 0x0000000089000000, 0x0000000089100000|  0%| F|  |TAMS 0x0000000089000000, 0x0000000089000000| Untracked 
| 145|0x0000000089100000, 0x0000000089100000, 0x0000000089200000|  0%| F|  |TAMS 0x0000000089100000, 0x0000000089100000| Untracked 
| 146|0x0000000089200000, 0x0000000089200000, 0x0000000089300000|  0%| F|  |TAMS 0x0000000089200000, 0x0000000089200000| Untracked 
| 147|0x0000000089300000, 0x0000000089300000, 0x0000000089400000|  0%| F|  |TAMS 0x0000000089300000, 0x0000000089300000| Untracked 
| 148|0x0000000089400000, 0x0000000089400000, 0x0000000089500000|  0%| F|  |TAMS 0x0000000089400000, 0x0000000089400000| Untracked 
| 149|0x0000000089500000, 0x0000000089580000, 0x0000000089600000| 50%| E|  |TAMS 0x0000000089500000, 0x0000000089500000| Complete 
| 150|0x0000000089600000, 0x0000000089700000, 0x0000000089700000|100%| E|CS|TAMS 0x0000000089600000, 0x0000000089600000| Complete 
| 151|0x0000000089700000, 0x0000000089800000, 0x0000000089800000|100%| E|CS|TAMS 0x0000000089700000, 0x0000000089700000| Complete 
| 152|0x0000000089800000, 0x0000000089900000, 0x0000000089900000|100%| E|CS|TAMS 0x0000000089800000, 0x0000000089800000| Complete 
| 153|0x0000000089900000, 0x0000000089a00000, 0x0000000089a00000|100%| E|CS|TAMS 0x0000000089900000, 0x0000000089900000| Complete 
| 154|0x0000000089a00000, 0x0000000089b00000, 0x0000000089b00000|100%| E|CS|TAMS 0x0000000089a00000, 0x0000000089a00000| Complete 
| 155|0x0000000089b00000, 0x0000000089c00000, 0x0000000089c00000|100%| E|CS|TAMS 0x0000000089b00000, 0x0000000089b00000| Complete 
| 156|0x0000000089c00000, 0x0000000089d00000, 0x0000000089d00000|100%| E|CS|TAMS 0x0000000089c00000, 0x0000000089c00000| Complete 
| 157|0x0000000089d00000, 0x0000000089e00000, 0x0000000089e00000|100%| E|CS|TAMS 0x0000000089d00000, 0x0000000089d00000| Complete 
| 158|0x0000000089e00000, 0x0000000089f00000, 0x0000000089f00000|100%| E|CS|TAMS 0x0000000089e00000, 0x0000000089e00000| Complete 
| 159|0x0000000089f00000, 0x000000008a000000, 0x000000008a000000|100%| E|CS|TAMS 0x0000000089f00000, 0x0000000089f00000| Complete 
| 160|0x000000008a000000, 0x000000008a100000, 0x000000008a100000|100%| E|CS|TAMS 0x000000008a000000, 0x000000008a000000| Complete 
| 161|0x000000008a100000, 0x000000008a200000, 0x000000008a200000|100%| E|CS|TAMS 0x000000008a100000, 0x000000008a100000| Complete 
| 162|0x000000008a200000, 0x000000008a300000, 0x000000008a300000|100%| E|CS|TAMS 0x000000008a200000, 0x000000008a200000| Complete 
| 163|0x000000008a300000, 0x000000008a400000, 0x000000008a400000|100%| E|CS|TAMS 0x000000008a300000, 0x000000008a300000| Complete 
| 164|0x000000008a400000, 0x000000008a500000, 0x000000008a500000|100%| E|CS|TAMS 0x000000008a400000, 0x000000008a400000| Complete 
| 165|0x000000008a500000, 0x000000008a600000, 0x000000008a600000|100%| E|CS|TAMS 0x000000008a500000, 0x000000008a500000| Complete 
| 166|0x000000008a600000, 0x000000008a700000, 0x000000008a700000|100%| E|CS|TAMS 0x000000008a600000, 0x000000008a600000| Complete 
| 167|0x000000008a700000, 0x000000008a800000, 0x000000008a800000|100%| E|CS|TAMS 0x000000008a700000, 0x000000008a700000| Complete 
| 168|0x000000008a800000, 0x000000008a900000, 0x000000008a900000|100%| E|CS|TAMS 0x000000008a800000, 0x000000008a800000| Complete 
| 169|0x000000008a900000, 0x000000008aa00000, 0x000000008aa00000|100%| E|CS|TAMS 0x000000008a900000, 0x000000008a900000| Complete 
| 170|0x000000008aa00000, 0x000000008ab00000, 0x000000008ab00000|100%| E|CS|TAMS 0x000000008aa00000, 0x000000008aa00000| Complete 
| 171|0x000000008ab00000, 0x000000008ac00000, 0x000000008ac00000|100%| E|CS|TAMS 0x000000008ab00000, 0x000000008ab00000| Complete 
| 172|0x000000008ac00000, 0x000000008ad00000, 0x000000008ad00000|100%| E|CS|TAMS 0x000000008ac00000, 0x000000008ac00000| Complete 
| 173|0x000000008ad00000, 0x000000008ae00000, 0x000000008ae00000|100%| E|CS|TAMS 0x000000008ad00000, 0x000000008ad00000| Complete 
| 174|0x000000008ae00000, 0x000000008af00000, 0x000000008af00000|100%| E|CS|TAMS 0x000000008ae00000, 0x000000008ae00000| Complete 
| 175|0x000000008af00000, 0x000000008b000000, 0x000000008b000000|100%| E|CS|TAMS 0x000000008af00000, 0x000000008af00000| Complete 
| 176|0x000000008b000000, 0x000000008b100000, 0x000000008b100000|100%| E|CS|TAMS 0x000000008b000000, 0x000000008b000000| Complete 
| 177|0x000000008b100000, 0x000000008b200000, 0x000000008b200000|100%| E|CS|TAMS 0x000000008b100000, 0x000000008b100000| Complete 
| 178|0x000000008b200000, 0x000000008b300000, 0x000000008b300000|100%| E|CS|TAMS 0x000000008b200000, 0x000000008b200000| Complete 
| 179|0x000000008b300000, 0x000000008b400000, 0x000000008b400000|100%| E|CS|TAMS 0x000000008b300000, 0x000000008b300000| Complete 
| 180|0x000000008b400000, 0x000000008b500000, 0x000000008b500000|100%| E|CS|TAMS 0x000000008b400000, 0x000000008b400000| Complete 
| 181|0x000000008b500000, 0x000000008b600000, 0x000000008b600000|100%| E|CS|TAMS 0x000000008b500000, 0x000000008b500000| Complete 
| 182|0x000000008b600000, 0x000000008b700000, 0x000000008b700000|100%| E|CS|TAMS 0x000000008b600000, 0x000000008b600000| Complete 
| 183|0x000000008b700000, 0x000000008b800000, 0x000000008b800000|100%| E|CS|TAMS 0x000000008b700000, 0x000000008b700000| Complete 
| 184|0x000000008b800000, 0x000000008b900000, 0x000000008b900000|100%| E|CS|TAMS 0x000000008b800000, 0x000000008b800000| Complete 
| 185|0x000000008b900000, 0x000000008ba00000, 0x000000008ba00000|100%| E|CS|TAMS 0x000000008b900000, 0x000000008b900000| Complete 
| 186|0x000000008ba00000, 0x000000008bb00000, 0x000000008bb00000|100%| E|CS|TAMS 0x000000008ba00000, 0x000000008ba00000| Complete 
| 187|0x000000008bb00000, 0x000000008bc00000, 0x000000008bc00000|100%| E|CS|TAMS 0x000000008bb00000, 0x000000008bb00000| Complete 
| 188|0x000000008bc00000, 0x000000008bd00000, 0x000000008bd00000|100%| E|CS|TAMS 0x000000008bc00000, 0x000000008bc00000| Complete 
| 189|0x000000008bd00000, 0x000000008be00000, 0x000000008be00000|100%| E|CS|TAMS 0x000000008bd00000, 0x000000008bd00000| Complete 
| 190|0x000000008be00000, 0x000000008bf00000, 0x000000008bf00000|100%| E|CS|TAMS 0x000000008be00000, 0x000000008be00000| Complete 
| 191|0x000000008bf00000, 0x000000008c000000, 0x000000008c000000|100%| E|CS|TAMS 0x000000008bf00000, 0x000000008bf00000| Complete 
| 192|0x000000008c000000, 0x000000008c100000, 0x000000008c100000|100%| E|CS|TAMS 0x000000008c000000, 0x000000008c000000| Complete 
| 193|0x000000008c100000, 0x000000008c200000, 0x000000008c200000|100%| E|CS|TAMS 0x000000008c100000, 0x000000008c100000| Complete 
| 194|0x000000008c200000, 0x000000008c300000, 0x000000008c300000|100%| E|CS|TAMS 0x000000008c200000, 0x000000008c200000| Complete 
| 195|0x000000008c300000, 0x000000008c400000, 0x000000008c400000|100%| E|CS|TAMS 0x000000008c300000, 0x000000008c300000| Complete 
| 196|0x000000008c400000, 0x000000008c500000, 0x000000008c500000|100%| E|CS|TAMS 0x000000008c400000, 0x000000008c400000| Complete 
| 197|0x000000008c500000, 0x000000008c600000, 0x000000008c600000|100%| E|CS|TAMS 0x000000008c500000, 0x000000008c500000| Complete 
| 198|0x000000008c600000, 0x000000008c700000, 0x000000008c700000|100%| E|CS|TAMS 0x000000008c600000, 0x000000008c600000| Complete 
| 199|0x000000008c700000, 0x000000008c800000, 0x000000008c800000|100%| E|CS|TAMS 0x000000008c700000, 0x000000008c700000| Complete 
| 200|0x000000008c800000, 0x000000008c900000, 0x000000008c900000|100%| E|CS|TAMS 0x000000008c800000, 0x000000008c800000| Complete 
| 201|0x000000008c900000, 0x000000008ca00000, 0x000000008ca00000|100%| E|CS|TAMS 0x000000008c900000, 0x000000008c900000| Complete 
| 202|0x000000008ca00000, 0x000000008cb00000, 0x000000008cb00000|100%| E|CS|TAMS 0x000000008ca00000, 0x000000008ca00000| Complete 
| 203|0x000000008cb00000, 0x000000008cc00000, 0x000000008cc00000|100%| E|CS|TAMS 0x000000008cb00000, 0x000000008cb00000| Complete 
| 204|0x000000008cc00000, 0x000000008cd00000, 0x000000008cd00000|100%| E|CS|TAMS 0x000000008cc00000, 0x000000008cc00000| Complete 
| 205|0x000000008cd00000, 0x000000008ce00000, 0x000000008ce00000|100%| E|CS|TAMS 0x000000008cd00000, 0x000000008cd00000| Complete 
| 206|0x000000008ce00000, 0x000000008cf00000, 0x000000008cf00000|100%| E|CS|TAMS 0x000000008ce00000, 0x000000008ce00000| Complete 
| 229|0x000000008e500000, 0x000000008e600000, 0x000000008e600000|100%| E|CS|TAMS 0x000000008e500000, 0x000000008e500000| Complete 
| 230|0x000000008e600000, 0x000000008e700000, 0x000000008e700000|100%| E|CS|TAMS 0x000000008e600000, 0x000000008e600000| Complete 
| 255|0x000000008ff00000, 0x0000000090000000, 0x0000000090000000|100%| E|CS|TAMS 0x000000008ff00000, 0x000000008ff00000| Complete 

Card table byte_map: [0x000001eab2850000,0x000001eab2c50000] _byte_map_base: 0x000001eab2450000

Marking Bits (Prev, Next): (CMBitMap*) 0x000001ea9b9761a0, (CMBitMap*) 0x000001ea9b976160
 Prev Bits: [0x000001eab5050000, 0x000001eab7050000)
 Next Bits: [0x000001eab3050000, 0x000001eab5050000)

Polling page: 0x000001ea996e0000

Metaspace:

Usage:
  Non-class:     74.69 MB used.
      Class:     11.92 MB used.
       Both:     86.61 MB used.

Virtual space:
  Non-class space:      128.00 MB reserved,      75.19 MB ( 59%) committed,  2 nodes.
      Class space:      416.00 MB reserved,      12.31 MB (  3%) committed,  1 nodes.
             Both:      544.00 MB reserved,      87.50 MB ( 16%) committed. 

Chunk freelists:
   Non-Class:  4.23 MB
       Class:  3.62 MB
        Both:  7.86 MB

MaxMetaspaceSize: 512.00 MB
CompressedClassSpaceSize: 416.00 MB
Initial GC threshold: 21.00 MB
Current GC threshold: 115.94 MB
CDS: on
MetaspaceReclaimPolicy: balanced
 - commit_granule_bytes: 65536.
 - commit_granule_words: 8192.
 - virtual_space_node_default_size: 8388608.
 - enlarge_chunks_in_place: 1.
 - new_chunks_are_fully_committed: 0.
 - uncommit_free_chunks: 1.
 - use_allocation_guard: 0.
 - handle_deallocations: 1.


Internal statistics:

num_allocs_failed_limit: 6.
num_arena_births: 1182.
num_arena_deaths: 0.
num_vsnodes_births: 3.
num_vsnodes_deaths: 0.
num_space_committed: 1400.
num_space_uncommitted: 0.
num_chunks_returned_to_freelist: 6.
num_chunks_taken_from_freelist: 4958.
num_chunk_merges: 6.
num_chunk_splits: 3155.
num_chunks_enlarged: 1963.
num_inconsistent_stats: 0.

CodeHeap 'non-profiled nmethods': size=120000Kb used=6195Kb max_used=6195Kb free=113804Kb
 bounds [0x000001eaaaf20000, 0x000001eaab530000, 0x000001eab2450000]
CodeHeap 'profiled nmethods': size=120000Kb used=19939Kb max_used=20019Kb free=100061Kb
 bounds [0x000001eaa3450000, 0x000001eaa47e0000, 0x000001eaaa980000]
CodeHeap 'non-nmethods': size=5760Kb used=2436Kb max_used=2503Kb free=3323Kb
 bounds [0x000001eaaa980000, 0x000001eaaac00000, 0x000001eaaaf20000]
 total_blobs=11371 nmethods=10398 adapters=885
 compilation: enabled
              stopped_count=0, restarted_count=0
 full_count=0

Compilation events (20 events):
Event: 80.516 Thread 0x000001eab95bd880 12018       3       org.gradle.internal.instantiation.generator.AsmBackedClassGenerator$ClassBuilderImpl$$Lambda$158/0x000001eabb1ca548::<init> (10 bytes)
Event: 80.517 Thread 0x000001eab95bd880 nmethod 12018 0x000001eaa3dbfa10 code [0x000001eaa3dbfba0, 0x000001eaa3dbfd58]
Event: 80.517 Thread 0x000001eab95bd880 12019       3       org.gradle.internal.instantiation.generator.AsmBackedClassGenerator$ClassBuilderImpl$$Lambda$158/0x000001eabb1ca548::emit (9 bytes)
Event: 80.517 Thread 0x000001eab95bd880 nmethod 12019 0x000001eaa3dbd390 code [0x000001eaa3dbd540, 0x000001eaa3dbd748]
Event: 80.517 Thread 0x000001eab95bd880 12021       3       org.objectweb.asm.ByteVector::putInt (74 bytes)
Event: 80.517 Thread 0x000001eab95bd880 nmethod 12021 0x000001eaa3dbce10 code [0x000001eaa3dbcfc0, 0x000001eaa3dbd208]
Event: 80.517 Thread 0x000001eab95bd880 12022       3       java.lang.invoke.MethodHandles$Lookup::newLookup (15 bytes)
Event: 80.517 Thread 0x000001eab95bd880 nmethod 12022 0x000001eaa3dbc990 code [0x000001eaa3dbcb40, 0x000001eaa3dbcd18]
Event: 80.517 Thread 0x000001eab95bd880 12023       3       java.lang.invoke.MethodHandles$Lookup$ClassDefiner::defineClass (7 bytes)
Event: 80.518 Thread 0x000001eab95bd880 nmethod 12023 0x000001eaa3c88c10 code [0x000001eaa3c88dc0, 0x000001eaa3c88f08]
Event: 80.518 Thread 0x000001eab95bd880 12020       3       org.gradle.internal.instantiation.generator.AsmBackedClassGenerator$ClassBuilderImpl::lambda$addDynamicMethods$16 (11 bytes)
Event: 80.518 Thread 0x000001eab95bd880 nmethod 12020 0x000001eaa3dbf610 code [0x000001eaa3dbf7c0, 0x000001eaa3dbf968]
Event: 80.518 Thread 0x000001eab95a3ca0 12024       4       java.lang.String::replace (42 bytes)
Event: 80.519 Thread 0x000001eab95bd880 12025       3       java.lang.invoke.MethodHandles$Lookup::defineClass (40 bytes)
Event: 80.520 Thread 0x000001eab95bd880 nmethod 12025 0x000001eaa3dbc010 code [0x000001eaa3dbc220, 0x000001eaa3dbc788]
Event: 80.520 Thread 0x000001eab95bd880 12026       3       java.lang.invoke.MethodHandles$Lookup::makeClassDefiner (23 bytes)
Event: 80.520 Thread 0x000001eab95bd880 nmethod 12026 0x000001eaa3dbba90 code [0x000001eaa3dbbc60, 0x000001eaa3dbbea8]
Event: 80.520 Thread 0x000001eab95bd880 12027       3       java.security.CodeSource::<init> (52 bytes)
Event: 80.521 Thread 0x000001eab95bd880 nmethod 12027 0x000001eaa3dbb210 code [0x000001eaa3dbb3e0, 0x000001eaa3dbb958]
Event: 80.540 Thread 0x000001eab95a3ca0 nmethod 12024 0x000001eaab52aa10 code [0x000001eaab52aba0, 0x000001eaab52b1d8]

GC Heap History (20 events):
Event: 42.314 GC heap before
{Heap before GC invocations=24 (full 0):
 garbage-first heap   total 109568K, used 61444K [0x0000000080000000, 0x0000000100000000)
  region size 1024K, 5 young (5120K), 2 survivors (2048K)
 Metaspace       used 64628K, committed 65280K, reserved 491520K
  class space    used 8963K, committed 9280K, reserved 425984K
}
Event: 42.322 GC heap after
{Heap after GC invocations=25 (full 0):
 garbage-first heap   total 109568K, used 58463K [0x0000000080000000, 0x0000000100000000)
  region size 1024K, 1 young (1024K), 1 survivors (1024K)
 Metaspace       used 64628K, committed 65280K, reserved 491520K
  class space    used 8963K, committed 9280K, reserved 425984K
}
Event: 43.237 GC heap before
{Heap before GC invocations=25 (full 0):
 garbage-first heap   total 109568K, used 88159K [0x0000000080000000, 0x0000000100000000)
  region size 1024K, 30 young (30720K), 1 survivors (1024K)
 Metaspace       used 67009K, committed 67648K, reserved 491520K
  class space    used 9318K, committed 9600K, reserved 425984K
}
Event: 43.242 GC heap after
{Heap after GC invocations=26 (full 0):
 garbage-first heap   total 109568K, used 59145K [0x0000000080000000, 0x0000000100000000)
  region size 1024K, 1 young (1024K), 1 survivors (1024K)
 Metaspace       used 67009K, committed 67648K, reserved 491520K
  class space    used 9318K, committed 9600K, reserved 425984K
}
Event: 44.544 GC heap before
{Heap before GC invocations=27 (full 0):
 garbage-first heap   total 109568K, used 92937K [0x0000000080000000, 0x0000000100000000)
  region size 1024K, 31 young (31744K), 1 survivors (1024K)
 Metaspace       used 69083K, committed 69760K, reserved 491520K
  class space    used 9643K, committed 9920K, reserved 425984K
}
Event: 44.552 GC heap after
{Heap after GC invocations=28 (full 0):
 garbage-first heap   total 109568K, used 63462K [0x0000000080000000, 0x0000000100000000)
  region size 1024K, 3 young (3072K), 3 survivors (3072K)
 Metaspace       used 69083K, committed 69760K, reserved 491520K
  class space    used 9643K, committed 9920K, reserved 425984K
}
Event: 44.603 GC heap before
{Heap before GC invocations=28 (full 0):
 garbage-first heap   total 109568K, used 64486K [0x0000000080000000, 0x0000000100000000)
  region size 1024K, 5 young (5120K), 3 survivors (3072K)
 Metaspace       used 69207K, committed 69888K, reserved 491520K
  class space    used 9662K, committed 9984K, reserved 425984K
}
Event: 44.613 GC heap after
{Heap after GC invocations=29 (full 0):
 garbage-first heap   total 109568K, used 63441K [0x0000000080000000, 0x0000000100000000)
  region size 1024K, 1 young (1024K), 1 survivors (1024K)
 Metaspace       used 69207K, committed 69888K, reserved 491520K
  class space    used 9662K, committed 9984K, reserved 425984K
}
Event: 45.649 GC heap before
{Heap before GC invocations=29 (full 0):
 garbage-first heap   total 109568K, used 91089K [0x0000000080000000, 0x0000000100000000)
  region size 1024K, 28 young (28672K), 1 survivors (1024K)
 Metaspace       used 70538K, committed 71232K, reserved 491520K
  class space    used 9868K, committed 10176K, reserved 425984K
}
Event: 45.660 GC heap after
{Heap after GC invocations=30 (full 0):
 garbage-first heap   total 215040K, used 65297K [0x0000000080000000, 0x0000000100000000)
  region size 1024K, 3 young (3072K), 3 survivors (3072K)
 Metaspace       used 70538K, committed 71232K, reserved 491520K
  class space    used 9868K, committed 10176K, reserved 425984K
}
Event: 52.462 GC heap before
{Heap before GC invocations=31 (full 0):
 garbage-first heap   total 215040K, used 170769K [0x0000000080000000, 0x0000000100000000)
  region size 1024K, 107 young (109568K), 3 survivors (3072K)
 Metaspace       used 77375K, committed 78208K, reserved 557056K
  class space    used 10872K, committed 11328K, reserved 425984K
}
Event: 52.489 GC heap after
{Heap after GC invocations=32 (full 0):
 garbage-first heap   total 215040K, used 73633K [0x0000000080000000, 0x0000000100000000)
  region size 1024K, 11 young (11264K), 11 survivors (11264K)
 Metaspace       used 77375K, committed 78208K, reserved 557056K
  class space    used 10872K, committed 11328K, reserved 425984K
}
Event: 52.556 GC heap before
{Heap before GC invocations=32 (full 0):
 garbage-first heap   total 215040K, used 74657K [0x0000000080000000, 0x0000000100000000)
  region size 1024K, 12 young (12288K), 11 survivors (11264K)
 Metaspace       used 77400K, committed 78336K, reserved 557056K
  class space    used 10873K, committed 11328K, reserved 425984K
}
Event: 52.580 GC heap after
{Heap after GC invocations=33 (full 0):
 garbage-first heap   total 215040K, used 74618K [0x0000000080000000, 0x0000000100000000)
  region size 1024K, 2 young (2048K), 2 survivors (2048K)
 Metaspace       used 77400K, committed 78336K, reserved 557056K
  class space    used 10873K, committed 11328K, reserved 425984K
}
Event: 57.449 GC heap before
{Heap before GC invocations=33 (full 0):
 garbage-first heap   total 215040K, used 171898K [0x0000000080000000, 0x0000000100000000)
  region size 1024K, 97 young (99328K), 2 survivors (2048K)
 Metaspace       used 80154K, committed 81024K, reserved 557056K
  class space    used 11178K, committed 11584K, reserved 425984K
}
Event: 57.470 GC heap after
{Heap after GC invocations=34 (full 0):
 garbage-first heap   total 215040K, used 83054K [0x0000000080000000, 0x0000000100000000)
  region size 1024K, 10 young (10240K), 10 survivors (10240K)
 Metaspace       used 80154K, committed 81024K, reserved 557056K
  class space    used 11178K, committed 11584K, reserved 425984K
}
Event: 59.088 GC heap before
{Heap before GC invocations=34 (full 0):
 garbage-first heap   total 215040K, used 170094K [0x0000000080000000, 0x0000000100000000)
  region size 1024K, 96 young (98304K), 10 survivors (10240K)
 Metaspace       used 80220K, committed 81024K, reserved 557056K
  class space    used 11179K, committed 11584K, reserved 425984K
}
Event: 59.113 GC heap after
{Heap after GC invocations=35 (full 0):
 garbage-first heap   total 215040K, used 86352K [0x0000000080000000, 0x0000000100000000)
  region size 1024K, 6 young (6144K), 6 survivors (6144K)
 Metaspace       used 80220K, committed 81024K, reserved 557056K
  class space    used 11179K, committed 11584K, reserved 425984K
}
Event: 78.737 GC heap before
{Heap before GC invocations=35 (full 0):
 garbage-first heap   total 215040K, used 180560K [0x0000000080000000, 0x0000000100000000)
  region size 1024K, 91 young (93184K), 6 survivors (6144K)
 Metaspace       used 85294K, committed 86208K, reserved 557056K
  class space    used 11763K, committed 12224K, reserved 425984K
}
Event: 78.755 GC heap after
{Heap after GC invocations=36 (full 0):
 garbage-first heap   total 215040K, used 101667K [0x0000000080000000, 0x0000000100000000)
  region size 1024K, 12 young (12288K), 12 survivors (12288K)
 Metaspace       used 85294K, committed 86208K, reserved 557056K
  class space    used 11763K, committed 12224K, reserved 425984K
}

Dll operation events (15 events):
Event: 0.015 Loaded shared library C:\Program Files\Microsoft\jdk-17.0.14.7-hotspot\bin\java.dll
Event: 0.127 Loaded shared library C:\Program Files\Microsoft\jdk-17.0.14.7-hotspot\bin\jsvml.dll
Event: 0.291 Loaded shared library C:\Program Files\Microsoft\jdk-17.0.14.7-hotspot\bin\zip.dll
Event: 0.297 Loaded shared library C:\Program Files\Microsoft\jdk-17.0.14.7-hotspot\bin\instrument.dll
Event: 0.309 Loaded shared library C:\Program Files\Microsoft\jdk-17.0.14.7-hotspot\bin\net.dll
Event: 0.312 Loaded shared library C:\Program Files\Microsoft\jdk-17.0.14.7-hotspot\bin\nio.dll
Event: 0.357 Loaded shared library C:\Program Files\Microsoft\jdk-17.0.14.7-hotspot\bin\zip.dll
Event: 0.872 Loaded shared library C:\Program Files\Microsoft\jdk-17.0.14.7-hotspot\bin\jimage.dll
Event: 1.346 Loaded shared library C:\Program Files\Microsoft\jdk-17.0.14.7-hotspot\bin\verify.dll
Event: 1.516 Loaded shared library C:\Users\Amna\.gradle\native\1def1411415f61bf3af743bc5b6707747c0891f09f0c88961ee8f79bc544acac\windows-amd64\native-platform.dll
Event: 1.592 Loaded shared library C:\Users\Amna\.gradle\native\0.2.7\x86_64-windows-gnu\gradle-fileevents.dll
Event: 17.469 Loaded shared library C:\Program Files\Microsoft\jdk-17.0.14.7-hotspot\bin\management.dll
Event: 17.471 Loaded shared library C:\Program Files\Microsoft\jdk-17.0.14.7-hotspot\bin\management_ext.dll
Event: 17.806 Loaded shared library C:\Program Files\Microsoft\jdk-17.0.14.7-hotspot\bin\extnet.dll
Event: 18.211 Loaded shared library C:\Program Files\Microsoft\jdk-17.0.14.7-hotspot\bin\sunmscapi.dll

Deoptimization events (20 events):
Event: 79.367 Thread 0x000001ead977cd40 Uncommon trap: trap_request=0xffffff45 fr.pc=0x000001eaab401a64 relative=0x0000000000000864
Event: 79.367 Thread 0x000001ead977cd40 Uncommon trap: reason=unstable_if action=reinterpret pc=0x000001eaab401a64 method=java.lang.CharacterDataLatin1.isUpperCase(I)Z @ 7 c2
Event: 79.367 Thread 0x000001ead977cd40 DEOPT PACKING pc=0x000001eaab401a64 sp=0x00000018bc3f2720
Event: 79.367 Thread 0x000001ead977cd40 DEOPT UNPACKING pc=0x000001eaaa9d69a3 sp=0x00000018bc3f25d8 mode 2
Event: 79.367 Thread 0x000001ead977cd40 Uncommon trap: trap_request=0xffffff45 fr.pc=0x000001eaab4d9e58 relative=0x00000000000000b8
Event: 79.367 Thread 0x000001ead977cd40 Uncommon trap: reason=unstable_if action=reinterpret pc=0x000001eaab4d9e58 method=java.lang.CharacterDataLatin1.isUpperCase(I)Z @ 7 c2
Event: 79.367 Thread 0x000001ead977cd40 DEOPT PACKING pc=0x000001eaab4d9e58 sp=0x00000018bc3f26f0
Event: 79.367 Thread 0x000001ead977cd40 DEOPT UNPACKING pc=0x000001eaaa9d69a3 sp=0x00000018bc3f25c8 mode 2
Event: 79.367 Thread 0x000001ead977cd40 Uncommon trap: trap_request=0xffffff45 fr.pc=0x000001eaab3c3280 relative=0x0000000000000080
Event: 79.367 Thread 0x000001ead977cd40 Uncommon trap: reason=unstable_if action=reinterpret pc=0x000001eaab3c3280 method=java.lang.CharacterDataLatin1.isUpperCase(I)Z @ 7 c2
Event: 79.367 Thread 0x000001ead977cd40 DEOPT PACKING pc=0x000001eaab3c3280 sp=0x00000018bc3f2660
Event: 79.367 Thread 0x000001ead977cd40 DEOPT UNPACKING pc=0x000001eaaa9d69a3 sp=0x00000018bc3f25e0 mode 2
Event: 80.054 Thread 0x000001ead977cd40 Uncommon trap: trap_request=0xffffff45 fr.pc=0x000001eaab3bdbc8 relative=0x0000000000001688
Event: 80.054 Thread 0x000001ead977cd40 Uncommon trap: reason=unstable_if action=reinterpret pc=0x000001eaab3bdbc8 method=org.objectweb.asm.Type.appendDescriptor(Ljava/lang/Class;Ljava/lang/StringBuilder;)V @ 48 c2
Event: 80.054 Thread 0x000001ead977cd40 DEOPT PACKING pc=0x000001eaab3bdbc8 sp=0x00000018bc3f2c30
Event: 80.054 Thread 0x000001ead977cd40 DEOPT UNPACKING pc=0x000001eaaa9d69a3 sp=0x00000018bc3f2c18 mode 2
Event: 80.511 Thread 0x000001ead977cd40 Uncommon trap: trap_request=0xffffff45 fr.pc=0x000001eaab196294 relative=0x0000000000000114
Event: 80.511 Thread 0x000001ead977cd40 Uncommon trap: reason=unstable_if action=reinterpret pc=0x000001eaab196294 method=org.objectweb.asm.ByteVector.putInt(I)Lorg/objectweb/asm/ByteVector; @ 13 c2
Event: 80.511 Thread 0x000001ead977cd40 DEOPT PACKING pc=0x000001eaab196294 sp=0x00000018bc3f35d0
Event: 80.511 Thread 0x000001ead977cd40 DEOPT UNPACKING pc=0x000001eaaa9d69a3 sp=0x00000018bc3f3558 mode 2

Classes loaded (20 events):
Event: 78.619 Loading class java/security/interfaces/DSAParams done
Event: 78.619 Loading class java/security/spec/DSAParameterSpec
Event: 78.619 Loading class java/security/spec/DSAParameterSpec done
Event: 78.620 Loading class java/math/SignedMutableBigInteger
Event: 78.620 Loading class java/math/SignedMutableBigInteger done
Event: 78.703 Loading class sun/security/util/JarConstraintsParameters
Event: 78.705 Loading class sun/security/util/JarConstraintsParameters done
Event: 78.707 Loading class java/util/Base64
Event: 78.708 Loading class java/util/Base64 done
Event: 78.708 Loading class java/util/Base64$Decoder
Event: 78.709 Loading class java/util/Base64$Decoder done
Event: 78.709 Loading class java/util/Base64$Encoder
Event: 78.709 Loading class java/util/Base64$Encoder done
Event: 78.711 Loading class java/util/jar/JarVerifier$VerifierStream
Event: 78.711 Loading class java/util/jar/JarVerifier$VerifierStream done
Event: 78.711 Loading class sun/security/util/ManifestEntryVerifier$SunProviderHolder
Event: 78.712 Loading class sun/security/util/ManifestEntryVerifier$SunProviderHolder done
Event: 78.936 Loading class java/security/KeyStore$ProtectionParameter
Event: 78.936 Loading class java/security/KeyStore$ProtectionParameter done
Event: 80.576 Loading class javax/xml/stream/XMLStreamException

Classes unloaded (0 events):
No events

Classes redefined (0 events):
No events

Internal exceptions (20 events):
Event: 55.712 Thread 0x000001ead977cd40 Exception <a 'java/lang/ClassNotFoundException'{0x0000000089d5f7b0}: org/gradle/api/internal/artifacts/DefaultArtifactRepositoryContainerCustomizer> (0x0000000089d5f7b0) 
thrown [s\src\hotspot\share\classfile\systemDictionary.cpp, line 256]
Event: 55.717 Thread 0x000001ead977cd40 Exception <a 'java/lang/ClassNotFoundException'{0x0000000089da0a00}: org/gradle/api/internal/artifacts/dsl/DefaultRepositoryHandlerCustomizer> (0x0000000089da0a00) 
thrown [s\src\hotspot\share\classfile\systemDictionary.cpp, line 256]
Event: 55.724 Thread 0x000001ead977cd40 Exception <a 'java/lang/ClassNotFoundException'{0x0000000089df0480}: org/gradle/api/internal/artifacts/dsl/DefaultRepositoryHandler_DecoratedCustomizer> (0x0000000089df0480) 
thrown [s\src\hotspot\share\classfile\systemDictionary.cpp, line 256]
Event: 55.748 Thread 0x000001ead977cd40 Exception <a 'java/lang/ClassNotFoundException'{0x0000000089c9e430}: org/gradle/api/internal/artifacts/dsl/dependencies/DefaultDependencyHandler_DecoratedBeanInfo> (0x0000000089c9e430) 
thrown [s\src\hotspot\share\classfile\systemDictionary.cpp, line 256]
Event: 55.751 Thread 0x000001ead977cd40 Exception <a 'java/lang/ClassNotFoundException'{0x0000000089cb6110}: org/gradle/api/internal/artifacts/dsl/dependencies/DefaultDependencyHandlerBeanInfo> (0x0000000089cb6110) 
thrown [s\src\hotspot\share\classfile\systemDictionary.cpp, line 256]
Event: 55.752 Thread 0x000001ead977cd40 Exception <a 'java/lang/ClassNotFoundException'{0x0000000089ccd310}: org/gradle/api/internal/artifacts/dsl/dependencies/DefaultDependencyHandlerCustomizer> (0x0000000089ccd310) 
thrown [s\src\hotspot\share\classfile\systemDictionary.cpp, line 256]
Event: 55.757 Thread 0x000001ead977cd40 Exception <a 'java/lang/ClassNotFoundException'{0x0000000089b17b50}: org/gradle/api/internal/artifacts/dsl/dependencies/DefaultDependencyHandler_DecoratedCustomizer> (0x0000000089b17b50) 
thrown [s\src\hotspot\share\classfile\systemDictionary.cpp, line 256]
Event: 56.731 Thread 0x000001eade9a72d0 Exception <a 'sun/nio/fs/WindowsException'{0x0000000088824d08}> (0x0000000088824d08) 
thrown [s\src\hotspot\share\prims\jni.cpp, line 516]
Event: 56.732 Thread 0x000001eade9a72d0 Exception <a 'sun/nio/fs/WindowsException'{0x00000000888274f8}> (0x00000000888274f8) 
thrown [s\src\hotspot\share\prims\jni.cpp, line 516]
Event: 56.736 Thread 0x000001eade9a72d0 Exception <a 'sun/nio/fs/WindowsException'{0x0000000088829aa8}> (0x0000000088829aa8) 
thrown [s\src\hotspot\share\prims\jni.cpp, line 516]
Event: 56.737 Thread 0x000001eade9a72d0 Exception <a 'sun/nio/fs/WindowsException'{0x000000008882bca0}> (0x000000008882bca0) 
thrown [s\src\hotspot\share\prims\jni.cpp, line 516]
Event: 57.245 Thread 0x000001eadabf8420 Implicit null exception at 0x000001eaab4303ea to 0x000001eaab430b14
Event: 59.276 Thread 0x000001ead977cd40 Exception <a 'java/lang/ClassNotFoundException'{0x000000008cbeeeb0}: build_2wihe8jwoudn1767mqtzg32y6BeanInfo> (0x000000008cbeeeb0) 
thrown [s\src\hotspot\share\classfile\systemDictionary.cpp, line 256]
Event: 59.276 Thread 0x000001ead977cd40 Exception <a 'java/lang/ClassNotFoundException'{0x000000008cbf62e8}: build_2wihe8jwoudn1767mqtzg32y6Customizer> (0x000000008cbf62e8) 
thrown [s\src\hotspot\share\classfile\systemDictionary.cpp, line 256]
Event: 76.503 Thread 0x000001ead977cd40 Exception <a 'java/lang/ClassNotFoundException'{0x000000008c370ce8}: org/gradle/api/internal/plugins/DefaultObjectConfigurationActionBeanInfo> (0x000000008c370ce8) 
thrown [s\src\hotspot\share\classfile\systemDictionary.cpp, line 256]
Event: 76.504 Thread 0x000001ead977cd40 Exception <a 'java/lang/ClassNotFoundException'{0x000000008c388b20}: org/gradle/api/internal/plugins/DefaultObjectConfigurationActionCustomizer> (0x000000008c388b20) 
thrown [s\src\hotspot\share\classfile\systemDictionary.cpp, line 256]
Event: 76.560 Thread 0x000001ead977cd40 Exception <a 'java/lang/ClassNotFoundException'{0x000000008c117c90}: build_8z6j8vnvmstypfn22k8alovc1BeanInfo> (0x000000008c117c90) 
thrown [s\src\hotspot\share\classfile\systemDictionary.cpp, line 256]
Event: 76.562 Thread 0x000001ead977cd40 Exception <a 'java/lang/ClassNotFoundException'{0x000000008c124c18}: build_8z6j8vnvmstypfn22k8alovc1Customizer> (0x000000008c124c18) 
thrown [s\src\hotspot\share\classfile\systemDictionary.cpp, line 256]
Event: 78.604 Thread 0x000001ead977cd40 Implicit null exception at 0x000001eaab11690c to 0x000001eaab116a42
Event: 78.701 Thread 0x000001ead977cd40 Implicit null exception at 0x000001eaab4e924a to 0x000001eaab4e9ad6

VM Operations (20 events):
Event: 64.442 Executing VM operation: Cleanup
Event: 64.442 Executing VM operation: Cleanup done
Event: 65.450 Executing VM operation: Cleanup
Event: 65.450 Executing VM operation: Cleanup done
Event: 66.456 Executing VM operation: Cleanup
Event: 66.457 Executing VM operation: Cleanup done
Event: 75.502 Executing VM operation: Cleanup
Event: 75.502 Executing VM operation: Cleanup done
Event: 76.510 Executing VM operation: Cleanup
Event: 76.510 Executing VM operation: Cleanup done
Event: 77.512 Executing VM operation: Cleanup
Event: 77.513 Executing VM operation: Cleanup done
Event: 78.517 Executing VM operation: Cleanup
Event: 78.518 Executing VM operation: Cleanup done
Event: 78.622 Executing VM operation: HandshakeAllThreads
Event: 78.623 Executing VM operation: HandshakeAllThreads done
Event: 78.737 Executing VM operation: G1CollectForAllocation
Event: 78.755 Executing VM operation: G1CollectForAllocation done
Event: 79.759 Executing VM operation: Cleanup
Event: 79.794 Executing VM operation: Cleanup done

Memory protections (0 events):
No events

Nmethod flushes (20 events):
Event: 56.999 Thread 0x000001eab962fe10 flushing  nmethod 0x000001eaa41e7910
Event: 56.999 Thread 0x000001eab962fe10 flushing  nmethod 0x000001eaa41e8a10
Event: 57.000 Thread 0x000001eab962fe10 flushing  nmethod 0x000001eaa4295390
Event: 57.000 Thread 0x000001eab962fe10 flushing  nmethod 0x000001eaa42c0090
Event: 57.000 Thread 0x000001eab962fe10 flushing  nmethod 0x000001eaa42c2b90
Event: 57.001 Thread 0x000001eab962fe10 flushing  nmethod 0x000001eaa4345b10
Event: 57.001 Thread 0x000001eab962fe10 flushing  nmethod 0x000001eaa4350890
Event: 57.001 Thread 0x000001eab962fe10 flushing  nmethod 0x000001eaa4350d10
Event: 57.001 Thread 0x000001eab962fe10 flushing  nmethod 0x000001eaa4356190
Event: 57.001 Thread 0x000001eab962fe10 flushing  nmethod 0x000001eaa4356b90
Event: 57.001 Thread 0x000001eab962fe10 flushing  nmethod 0x000001eaa435e390
Event: 57.001 Thread 0x000001eab962fe10 flushing  nmethod 0x000001eaa4361790
Event: 57.002 Thread 0x000001eab962fe10 flushing  nmethod 0x000001eaa43ffc90
Event: 57.002 Thread 0x000001eab962fe10 flushing  nmethod 0x000001eaa4413090
Event: 57.002 Thread 0x000001eab962fe10 flushing  nmethod 0x000001eaa445c710
Event: 57.002 Thread 0x000001eab962fe10 flushing  nmethod 0x000001eaa4473b90
Event: 57.002 Thread 0x000001eab962fe10 flushing  nmethod 0x000001eaa448f210
Event: 57.003 Thread 0x000001eab962fe10 flushing  nmethod 0x000001eaa44aaa90
Event: 57.004 Thread 0x000001eab962fe10 flushing  nmethod 0x000001eaa4622590
Event: 57.005 Thread 0x000001eab962fe10 flushing  nmethod 0x000001eaa46ffe10

Events (20 events):
Event: 53.558 Thread 0x000001ead977cd40 Thread added: 0x000001eade9abec0
Event: 53.632 Thread 0x000001ead977cd40 Thread added: 0x000001eade9a4a50
Event: 53.633 Thread 0x000001ead977cd40 Thread added: 0x000001eada97bfa0
Event: 53.634 Thread 0x000001ead977cd40 Thread added: 0x000001eada97a140
Event: 53.896 Thread 0x000001eadb73eb80 Thread exited: 0x000001eadb73eb80
Event: 53.903 Thread 0x000001ead977cd40 Thread added: 0x000001eada979720
Event: 55.492 Thread 0x000001eab95bd880 Thread added: 0x000001eadb7425f0
Event: 55.562 Thread 0x000001ead977cd40 Thread added: 0x000001eada97b580
Event: 56.234 Thread 0x000001eadb7425f0 Thread exited: 0x000001eadb7425f0
Event: 56.587 Thread 0x000001eade9a72d0 Thread added: 0x000001eada97ced0
Event: 56.587 Thread 0x000001eade9a72d0 Thread added: 0x000001eada97ba90
Event: 56.588 Thread 0x000001eade9a72d0 Thread added: 0x000001eada97c9c0
Event: 56.734 Thread 0x000001eab95bd880 Thread added: 0x000001eadb73d640
Event: 59.263 Thread 0x000001ead977cd40 Thread added: 0x000001eada97de00
Event: 63.672 Thread 0x000001eadb73d640 Thread exited: 0x000001eadb73d640
Event: 78.351 Thread 0x000001eab95bd880 Thread added: 0x000001eadb7410b0
Event: 79.036 Thread 0x000001eadb7410b0 Thread exited: 0x000001eadb7410b0
Event: 79.578 Thread 0x000001eab95bd880 Thread added: 0x000001eadb7400c0
Event: 79.818 Thread 0x000001eadb7400c0 Thread exited: 0x000001eadb7400c0
Event: 80.384 Thread 0x000001eab95bd880 Thread added: 0x000001eadb73bbb0


Dynamic libraries:
0x00007ff786870000 - 0x00007ff78687e000 	C:\Program Files\Microsoft\jdk-17.0.14.7-hotspot\bin\java.exe
0x00007ffcfc0f0000 - 0x00007ffcfc2e8000 	C:\Windows\SYSTEM32\ntdll.dll
0x00007ffccb0d0000 - 0x00007ffccb0ea000 	C:\Program Files\Avast Software\Avast\aswhook.dll
0x00007ffcfaa60000 - 0x00007ffcfab22000 	C:\Windows\System32\KERNEL32.DLL
0x00007ffcf9ca0000 - 0x00007ffcf9f96000 	C:\Windows\System32\KERNELBASE.dll
0x00007ffcf9800000 - 0x00007ffcf9900000 	C:\Windows\System32\ucrtbase.dll
0x00007ffce3750000 - 0x00007ffce3767000 	C:\Program Files\Microsoft\jdk-17.0.14.7-hotspot\bin\jli.dll
0x00007ffcc4720000 - 0x00007ffcc473d000 	C:\Program Files\Microsoft\jdk-17.0.14.7-hotspot\bin\VCRUNTIME140.dll
0x00007ffcfa790000 - 0x00007ffcfa92d000 	C:\Windows\System32\USER32.dll
0x00007ffcfa0e0000 - 0x00007ffcfa102000 	C:\Windows\System32\win32u.dll
0x00007ffcfa110000 - 0x00007ffcfa13b000 	C:\Windows\System32\GDI32.dll
0x00007ffce3280000 - 0x00007ffce351a000 	C:\Windows\WinSxS\amd64_microsoft.windows.common-controls_6595b64144ccf1df_6.0.19041.4355_none_60b8b9eb71f62e16\COMCTL32.dll
0x00007ffcf9b80000 - 0x00007ffcf9c9a000 	C:\Windows\System32\gdi32full.dll
0x00007ffcfa6f0000 - 0x00007ffcfa78e000 	C:\Windows\System32\msvcrt.dll
0x00007ffcf9ae0000 - 0x00007ffcf9b7d000 	C:\Windows\System32\msvcp_win.dll
0x00007ffcfa140000 - 0x00007ffcfa16f000 	C:\Windows\System32\IMM32.DLL
0x00007ffcf2a40000 - 0x00007ffcf2a4c000 	C:\Program Files\Microsoft\jdk-17.0.14.7-hotspot\bin\vcruntime140_1.dll
0x00007ffcb1d40000 - 0x00007ffcb1dcd000 	C:\Program Files\Microsoft\jdk-17.0.14.7-hotspot\bin\msvcp140.dll
0x00007ffca2d10000 - 0x00007ffca3982000 	C:\Program Files\Microsoft\jdk-17.0.14.7-hotspot\bin\server\jvm.dll
0x00007ffcfa9b0000 - 0x00007ffcfaa5f000 	C:\Windows\System32\ADVAPI32.dll
0x00007ffcfa2e0000 - 0x00007ffcfa37f000 	C:\Windows\System32\sechost.dll
0x00007ffcfb330000 - 0x00007ffcfb453000 	C:\Windows\System32\RPCRT4.dll
0x00007ffcf97d0000 - 0x00007ffcf97f7000 	C:\Windows\System32\bcrypt.dll
0x00007ffcfa930000 - 0x00007ffcfa99b000 	C:\Windows\System32\WS2_32.dll
0x00007ffcf95e0000 - 0x00007ffcf962b000 	C:\Windows\SYSTEM32\POWRPROF.dll
0x00007ffcee7f0000 - 0x00007ffcee7fa000 	C:\Windows\SYSTEM32\VERSION.dll
0x00007ffcc35e0000 - 0x00007ffcc3607000 	C:\Windows\SYSTEM32\WINMM.dll
0x00007ffcf95c0000 - 0x00007ffcf95d2000 	C:\Windows\SYSTEM32\UMPDC.dll
0x00007ffcf7fa0000 - 0x00007ffcf7fb2000 	C:\Windows\SYSTEM32\kernel.appcore.dll
0x00007ffceee40000 - 0x00007ffceee4a000 	C:\Program Files\Microsoft\jdk-17.0.14.7-hotspot\bin\jimage.dll
0x00007ffcf34d0000 - 0x00007ffcf36b4000 	C:\Windows\SYSTEM32\DBGHELP.DLL
0x00007ffcec3a0000 - 0x00007ffcec3d4000 	C:\Windows\SYSTEM32\dbgcore.DLL
0x00007ffcf9fa0000 - 0x00007ffcfa022000 	C:\Windows\System32\bcryptPrimitives.dll
0x00007ffcd92a0000 - 0x00007ffcd92ae000 	C:\Program Files\Microsoft\jdk-17.0.14.7-hotspot\bin\instrument.dll
0x00007ffcc46f0000 - 0x00007ffcc4715000 	C:\Program Files\Microsoft\jdk-17.0.14.7-hotspot\bin\java.dll
0x00007ffcb1c60000 - 0x00007ffcb1d37000 	C:\Program Files\Microsoft\jdk-17.0.14.7-hotspot\bin\jsvml.dll
0x00007ffcfabc0000 - 0x00007ffcfb32f000 	C:\Windows\System32\SHELL32.dll
0x00007ffcf71b0000 - 0x00007ffcf7953000 	C:\Windows\SYSTEM32\windows.storage.dll
0x00007ffcfb680000 - 0x00007ffcfb9d5000 	C:\Windows\System32\combase.dll
0x00007ffcf9140000 - 0x00007ffcf916b000 	C:\Windows\SYSTEM32\Wldp.dll
0x00007ffcfa620000 - 0x00007ffcfa6ed000 	C:\Windows\System32\OLEAUT32.dll
0x00007ffcfa230000 - 0x00007ffcfa2dd000 	C:\Windows\System32\SHCORE.dll
0x00007ffcfa1d0000 - 0x00007ffcfa225000 	C:\Windows\System32\shlwapi.dll
0x00007ffcf96b0000 - 0x00007ffcf96d5000 	C:\Windows\SYSTEM32\profapi.dll
0x00007ffcb1c00000 - 0x00007ffcb1c18000 	C:\Program Files\Microsoft\jdk-17.0.14.7-hotspot\bin\zip.dll
0x00007ffcb1c40000 - 0x00007ffcb1c5a000 	C:\Program Files\Microsoft\jdk-17.0.14.7-hotspot\bin\net.dll
0x00007ffcec130000 - 0x00007ffcec23a000 	C:\Windows\SYSTEM32\WINHTTP.dll
0x00007ffcf8ea0000 - 0x00007ffcf8f0c000 	C:\Windows\system32\mswsock.dll
0x00007ffcb1c20000 - 0x00007ffcb1c36000 	C:\Program Files\Microsoft\jdk-17.0.14.7-hotspot\bin\nio.dll
0x00007ffcda470000 - 0x00007ffcda480000 	C:\Program Files\Microsoft\jdk-17.0.14.7-hotspot\bin\verify.dll
0x00007ffcb1bd0000 - 0x00007ffcb1bf7000 	C:\Users\Amna\.gradle\native\1def1411415f61bf3af743bc5b6707747c0891f09f0c88961ee8f79bc544acac\windows-amd64\native-platform.dll
0x00007ffcae6e0000 - 0x00007ffcae758000 	C:\Users\Amna\.gradle\native\0.2.7\x86_64-windows-gnu\gradle-fileevents.dll
0x00007ffcd9680000 - 0x00007ffcd968a000 	C:\Program Files\Microsoft\jdk-17.0.14.7-hotspot\bin\management.dll
0x00007ffcd94a0000 - 0x00007ffcd94ab000 	C:\Program Files\Microsoft\jdk-17.0.14.7-hotspot\bin\management_ext.dll
0x00007ffcfb460000 - 0x00007ffcfb468000 	C:\Windows\System32\PSAPI.DLL
0x00007ffcf8b80000 - 0x00007ffcf8bbb000 	C:\Windows\SYSTEM32\IPHLPAPI.DLL
0x00007ffcfa610000 - 0x00007ffcfa618000 	C:\Windows\System32\NSI.dll
0x00007ffced340000 - 0x00007ffced357000 	C:\Windows\SYSTEM32\dhcpcsvc6.DLL
0x00007ffcee8d0000 - 0x00007ffcee8ed000 	C:\Windows\SYSTEM32\dhcpcsvc.DLL
0x00007ffcf8bc0000 - 0x00007ffcf8c8a000 	C:\Windows\SYSTEM32\DNSAPI.dll
0x00007ffcd9340000 - 0x00007ffcd9349000 	C:\Program Files\Microsoft\jdk-17.0.14.7-hotspot\bin\extnet.dll
0x00007ffcf9090000 - 0x00007ffcf90a8000 	C:\Windows\SYSTEM32\CRYPTSP.dll
0x00007ffcf87c0000 - 0x00007ffcf87f8000 	C:\Windows\system32\rsaenh.dll
0x00007ffcf9630000 - 0x00007ffcf965e000 	C:\Windows\SYSTEM32\USERENV.dll
0x00007ffcf90b0000 - 0x00007ffcf90bc000 	C:\Windows\SYSTEM32\CRYPTBASE.dll
0x00007ffcd8510000 - 0x00007ffcd851e000 	C:\Program Files\Microsoft\jdk-17.0.14.7-hotspot\bin\sunmscapi.dll
0x00007ffcf9980000 - 0x00007ffcf9add000 	C:\Windows\System32\CRYPT32.dll
0x00007ffcf91b0000 - 0x00007ffcf91d7000 	C:\Windows\SYSTEM32\ncrypt.dll
0x00007ffcf9170000 - 0x00007ffcf91ab000 	C:\Windows\SYSTEM32\NTASN1.dll
0x00007ffccc660000 - 0x00007ffccc667000 	C:\Windows\system32\wshunix.dll
0x00007ffce35d0000 - 0x00007ffce35da000 	C:\Windows\System32\rasadhlp.dll
0x00007ffce3b00000 - 0x00007ffce3b80000 	C:\Windows\System32\fwpuclnt.dll
0x00007ffcd98e0000 - 0x00007ffcd98f7000 	C:\Windows\system32\napinsp.dll
0x00007ffcd98c0000 - 0x00007ffcd98db000 	C:\Windows\system32\pnrpnsp.dll
0x00007ffcd9860000 - 0x00007ffcd9875000 	C:\Windows\system32\wshbth.dll
0x00007ffcf0ea0000 - 0x00007ffcf0ebd000 	C:\Windows\system32\NLAapi.dll
0x00007ffcd9840000 - 0x00007ffcd9852000 	C:\Windows\System32\winrnr.dll
0x00007ffcf2cd0000 - 0x00007ffcf2d64000 	C:\Windows\system32\apphelp.dll

dbghelp: loaded successfully - version: 4.0.5 - missing functions: none
symbol engine: initialized successfully - sym options: 0x614 - pdb path: .;C:\Program Files\Microsoft\jdk-17.0.14.7-hotspot\bin;C:\Windows\SYSTEM32;C:\Program Files\Avast Software\Avast;C:\Windows\WinSxS\amd64_microsoft.windows.common-controls_6595b64144ccf1df_6.0.19041.4355_none_60b8b9eb71f62e16;C:\Program Files\Microsoft\jdk-17.0.14.7-hotspot\bin\server;C:\Users\Amna\.gradle\native\1def1411415f61bf3af743bc5b6707747c0891f09f0c88961ee8f79bc544acac\windows-amd64;C:\Users\Amna\.gradle\native\0.2.7\x86_64-windows-gnu

VM Arguments:
jvm_args: --add-opens=java.base/java.lang=ALL-UNNAMED --add-opens=java.base/java.lang.invoke=ALL-UNNAMED --add-opens=java.base/java.util=ALL-UNNAMED --add-opens=java.prefs/java.util.prefs=ALL-UNNAMED --add-exports=jdk.compiler/com.sun.tools.javac.api=ALL-UNNAMED --add-exports=jdk.compiler/com.sun.tools.javac.util=ALL-UNNAMED --add-opens=java.base/java.util=ALL-UNNAMED --add-opens=java.prefs/java.util.prefs=ALL-UNNAMED --add-opens=java.base/java.nio.charset=ALL-UNNAMED --add-opens=java.base/java.net=ALL-UNNAMED --add-opens=java.base/java.util.concurrent.atomic=ALL-UNNAMED --add-opens=java.xml/javax.xml.namespace=ALL-UNNAMED -XX:MaxMetaspaceSize=512m -Xmx2048m -Dfile.encoding=windows-1252 -Duser.country=US -Duser.language=en -Duser.variant -javaagent:C:\Users\Amna\.gradle\wrapper\dists\gradle-8.13-bin\5xuhj0ry160q40clulazy9h7d\gradle-8.13\lib\agents\gradle-instrumentation-agent-8.13.jar 
java_command: org.gradle.launcher.daemon.bootstrap.GradleDaemon 8.13
java_class_path (initial): C:\Users\Amna\.gradle\wrapper\dists\gradle-8.13-bin\5xuhj0ry160q40clulazy9h7d\gradle-8.13\lib\gradle-daemon-main-8.13.jar
Launcher Type: SUN_STANDARD

[Global flags]
     intx CICompilerCount                          = 3                                         {product} {ergonomic}
   size_t CompressedClassSpaceSize                 = 436207616                                 {product} {ergonomic}
     uint ConcGCThreads                            = 1                                         {product} {ergonomic}
     uint G1ConcRefinementThreads                  = 4                                         {product} {ergonomic}
   size_t G1HeapRegionSize                         = 1048576                                   {product} {ergonomic}
    uintx GCDrainStackTargetSize                   = 64                                        {product} {ergonomic}
   size_t InitialHeapSize                          = 268435456                                 {product} {ergonomic}
   size_t MarkStackSize                            = 4194304                                   {product} {ergonomic}
   size_t MaxHeapSize                              = 2147483648                                {product} {command line}
   size_t MaxMetaspaceSize                         = 536870912                                 {product} {command line}
   size_t MaxNewSize                               = 1287651328                                {product} {ergonomic}
   size_t MinHeapDeltaBytes                        = 1048576                                   {product} {ergonomic}
   size_t MinHeapSize                              = 8388608                                   {product} {ergonomic}
    uintx NonNMethodCodeHeapSize                   = 5832780                                {pd product} {ergonomic}
    uintx NonProfiledCodeHeapSize                  = 122912730                              {pd product} {ergonomic}
    uintx ProfiledCodeHeapSize                     = 122912730                              {pd product} {ergonomic}
    uintx ReservedCodeCacheSize                    = 251658240                              {pd product} {ergonomic}
     bool SegmentedCodeCache                       = true                                      {product} {ergonomic}
   size_t SoftMaxHeapSize                          = 2147483648                             {manageable} {ergonomic}
     bool UseCompressedClassPointers               = true                           {product lp64_product} {ergonomic}
     bool UseCompressedOops                        = true                           {product lp64_product} {ergonomic}
     bool UseG1GC                                  = true                                      {product} {ergonomic}
     bool UseLargePagesIndividualAllocation        = false                                  {pd product} {ergonomic}

Logging:
Log output configuration:
 #0: stdout all=warning uptime,level,tags
 #1: stderr all=off uptime,level,tags

Environment Variables:
JAVA_HOME=C:\Program Files\Microsoft\jdk-17.0.14.7-hotspot\
CLASSPATH=D:\Module (B)\React Native\FirstApp\android\\gradle\wrapper\gradle-wrapper.jar
PATH=D:\Module (B)\React Native\FirstApp\node_modules\.bin;D:\Module (B)\React Native\node_modules\.bin;D:\Module (B)\node_modules\.bin;D:\node_modules\.bin;C:\Program Files\nodejs\node_modules\npm\node_modules\@npmcli\run-script\lib\node-gyp-bin;C:\Program Files\Microsoft\jdk-17.0.14.7-hotspot\bin;C:\Program Files\Common Files\Oracle\Java\javapath;C:\Program Files (x86)\Common Files\Oracle\Java\javapath;C:\Windows\system32;C:\Windows;C:\Windows\System32\Wbem;C:\Windows\System32\WindowsPowerShell\v1.0\;C:\Windows\System32\OpenSSH\;C:\Program Files\Java\jdk-17\bin;C:\Program Files\Git\cmd;C:\ProgramData\chocolatey\bin;C:\Program Files\nodejs\;C:\Users\Amna\AppData\Local\Android\Sdk;C:\Users\Amna\AppData\Local\Android\Sdk\build-tools;C:\Users\Amna\AppData\Local\Android\Sdk\emulator;C:\Users\Amna\AppData\Local\Android\Sdk\platforms;C:\Users\Amna\AppData\Local\Android\Sdk\platform-tools;C:\Users\Amna\AppData\Local\Microsoft\WindowsApps;C:\Users\Amna\AppData\Local\Android\Sdk;C:\Users\Amna\AppData\Local\Android\Sdk\platform-tools;C:\Users\Amna\AppData\Local\Android\Sdk\emulator;C:\Users\Amna\AppData\Local\Android\Sdk\build-tools;C:\Users\Amna\AppData\Local\Android\Sdk\platforms;C:\Users\Amna\AppData\Local\Programs\Microsoft VS Code\bin;C:\Program Files\Microsoft\jdk-17.0.14.7-hotspot\bin;
USERNAME=Amna
LANG=en_US.UTF-8
OS=Windows_NT
PROCESSOR_IDENTIFIER=Intel64 Family 6 Model 142 Stepping 9, GenuineIntel
TMP=C:\Users\Amna\AppData\Local\Temp
TEMP=C:\Users\Amna\AppData\Local\Temp



Periodic native trim disabled


---------------  S Y S T E M  ---------------

OS:
 Windows 10 , 64 bit Build 19041 (10.0.19041.5678)
OS uptime: 5 days 3:47 hours

CPU: total 4 (initial active 4) (2 cores per cpu, 2 threads per core) family 6 model 142 stepping 9 microcode 0xb4, cx8, cmov, fxsr, ht, mmx, 3dnowpref, sse, sse2, sse3, ssse3, sse4.1, sse4.2, popcnt, lzcnt, tsc, tscinvbit, avx, avx2, aes, erms, clmul, bmi1, bmi2, rtm, adx, fma, vzeroupper, clflush, clflushopt
Processor Information for processor 0
  Max Mhz: 2904, Current Mhz: 1502, Mhz Limit: 2787
Processor Information for processor 1
  Max Mhz: 2904, Current Mhz: 1502, Mhz Limit: 2787
Processor Information for processor 2
  Max Mhz: 2904, Current Mhz: 2803, Mhz Limit: 2787
Processor Information for processor 3
  Max Mhz: 2904, Current Mhz: 2803, Mhz Limit: 2787

Memory: 4k page, system-wide physical 16263M (3959M free)
TotalPageFile size 41185M (AvailPageFile size 10M)
current process WorkingSet (physical memory assigned to process): 445M, peak: 445M
current process commit charge ("private bytes"): 483M, peak: 484M

vm_info: OpenJDK 64-Bit Server VM (17.0.14+7-LTS) for windows-amd64 JRE (17.0.14+7-LTS), built on Jan  8 2025 23:39:28 by "MicrosoftCorporation" with unknown MS VC++:1939

END.
